2015-11-04_12:34:24 WARN  [GuiceApplicationBuilder.scala:76] - Logger configuration in conf files is deprecated and has no effect. Use a logback configuration file instead.
2015-11-04_12:34:26 WARN  [utils.scala:48] - MongoDBSystem Actor[akka://reactivemongo/user/Connection-2#-1687620748] stopped.
2015-11-04_12:35:39 WARN  [GuiceApplicationBuilder.scala:76] - Logger configuration in conf files is deprecated and has no effect. Use a logback configuration file instead.
2015-11-04_12:35:40 INFO  [Slf4jLogger.scala:80] - Slf4jLogger started
2015-11-04_12:35:40 WARN  [utils.scala:48] - MongoDBSystem Actor[akka://reactivemongo/user/Connection-2#511764944] stopped.
2015-11-04_12:37:41 WARN  [GuiceApplicationBuilder.scala:76] - Logger configuration in conf files is deprecated and has no effect. Use a logback configuration file instead.
2015-11-04_12:37:42 INFO  [Slf4jLogger.scala:80] - Slf4jLogger started
2015-11-04_12:37:42 INFO  [ReactiveMongoPlugin.scala:38] - ReactiveMongoPlugin starting...
2015-11-04_12:37:42 INFO  [ReactiveMongoPlugin.scala:43] - ReactiveMongoPlugin successfully started with db 'users-db'! Servers:
		[localhost:38128]
2015-11-04_12:37:44 INFO  [UserController.scala:72] - Successfully created user=Some(User(Some(1),first1,last1,20,true,Some(2015-11-04T12:37:44.266+08:00[Asia/Singapore]),Some(2015-11-04T12:37:44.267+08:00[Asia/Singapore])))
2015-11-04_12:37:44 INFO  [ReactiveMongoPlugin.scala:56] - ReactiveMongoPlugin stops, closing connections...
2015-11-04_12:37:44 INFO  [utils.scala:46] - Received Close message, going to close connections and moving on stage Closing
2015-11-04_12:37:44 WARN  [utils.scala:48] - (State: Closing) SPURIOUS ChannelConnected(1582209164) (ignored, channel closed)
2015-11-04_12:37:44 INFO  [utils.scala:46] - MongoDBSystem Actor[akka://reactivemongo/user/Connection-5#-1397277047] is stopping.
2015-11-04_12:37:44 INFO  [ReactiveMongoPlugin.scala:61] - ReactiveMongo Connections stopped. [Success(Closed)]
2015-11-04_12:37:44 WARN  [utils.scala:48] - MongoDBSystem Actor[akka://reactivemongo/user/Connection-5#-1397277047] stopped.
2015-11-04_12:38:10 WARN  [GuiceApplicationBuilder.scala:76] - Logger configuration in conf files is deprecated and has no effect. Use a logback configuration file instead.
2015-11-04_12:38:11 INFO  [Slf4jLogger.scala:80] - Slf4jLogger started
2015-11-04_12:38:12 INFO  [ReactiveMongoPlugin.scala:38] - ReactiveMongoPlugin starting...
2015-11-04_12:38:12 INFO  [ReactiveMongoPlugin.scala:43] - ReactiveMongoPlugin successfully started with db 'users-db'! Servers:
		[localhost:38128]
2015-11-04_12:38:13 INFO  [UserController.scala:72] - Successfully created user=Some(User(Some(1),first1,last1,20,true,Some(2015-11-04T12:38:13.084+08:00[Asia/Singapore]),Some(2015-11-04T12:38:13.085+08:00[Asia/Singapore])))
2015-11-04_12:38:13 INFO  [ReactiveMongoPlugin.scala:56] - ReactiveMongoPlugin stops, closing connections...
2015-11-04_12:38:13 INFO  [utils.scala:46] - Received Close message, going to close connections and moving on stage Closing
2015-11-04_12:38:13 ERROR [utils.scala:50] - (State: Closing) UNHANDLED MESSAGE: Response(MessageHeader(194,12,10,1),Reply(8,0,0,1),LittleEndianHeapChannelBuffer(ridx=36, widx=194, cap=194),ResponseInfo(-401118492))
2015-11-04_12:38:13 INFO  [utils.scala:46] - MongoDBSystem Actor[akka://reactivemongo/user/Connection-5#-178763468] is stopping.
2015-11-04_12:38:13 INFO  [ReactiveMongoPlugin.scala:61] - ReactiveMongo Connections stopped. [Success(Closed)]
2015-11-04_12:38:13 WARN  [utils.scala:48] - MongoDBSystem Actor[akka://reactivemongo/user/Connection-5#-178763468] stopped.
2015-11-04_12:43:16 WARN  [GuiceApplicationBuilder.scala:76] - Logger configuration in conf files is deprecated and has no effect. Use a logback configuration file instead.
2015-11-04_12:43:17 INFO  [Slf4jLogger.scala:80] - Slf4jLogger started
2015-11-04_12:43:17 INFO  [ReactiveMongoPlugin.scala:38] - ReactiveMongoPlugin starting...
2015-11-04_12:43:17 INFO  [ReactiveMongoPlugin.scala:43] - ReactiveMongoPlugin successfully started with db 'users-db'! Servers:
		[localhost:38128]
2015-11-04_12:43:18 INFO  [UserController.scala:72] - Successfully created user=Some(User(Some(1),first1,last1,20,true,Some(2015-11-04T12:43:18.678+08:00[Asia/Singapore]),Some(2015-11-04T12:43:18.679+08:00[Asia/Singapore])))
2015-11-04_12:43:18 INFO  [ReactiveMongoPlugin.scala:56] - ReactiveMongoPlugin stops, closing connections...
2015-11-04_12:43:18 INFO  [utils.scala:46] - Received Close message, going to close connections and moving on stage Closing
2015-11-04_12:43:18 ERROR [utils.scala:50] - (State: Closing) UNHANDLED MESSAGE: Response(MessageHeader(194,12,10,1),Reply(8,0,0,1),LittleEndianHeapChannelBuffer(ridx=36, widx=194, cap=194),ResponseInfo(-11915318))
2015-11-04_12:43:18 INFO  [utils.scala:46] - MongoDBSystem Actor[akka://reactivemongo/user/Connection-5#1096165791] is stopping.
2015-11-04_12:43:18 INFO  [ReactiveMongoPlugin.scala:61] - ReactiveMongo Connections stopped. [Success(Closed)]
2015-11-04_12:43:18 WARN  [utils.scala:48] - MongoDBSystem Actor[akka://reactivemongo/user/Connection-5#1096165791] stopped.
2015-11-04_12:43:34 WARN  [GuiceApplicationBuilder.scala:76] - Logger configuration in conf files is deprecated and has no effect. Use a logback configuration file instead.
2015-11-04_12:43:35 INFO  [Slf4jLogger.scala:80] - Slf4jLogger started
2015-11-04_12:43:36 INFO  [ReactiveMongoPlugin.scala:38] - ReactiveMongoPlugin starting...
2015-11-04_12:43:36 INFO  [ReactiveMongoPlugin.scala:43] - ReactiveMongoPlugin successfully started with db 'users-db'! Servers:
		[localhost:38128]
2015-11-04_12:43:37 INFO  [UserController.scala:72] - Successfully created user=Some(User(Some(1),first1,last1,20,true,Some(2015-11-04T12:43:37.371+08:00[Asia/Singapore]),Some(2015-11-04T12:43:37.371+08:00[Asia/Singapore])))
2015-11-04_12:44:30 INFO  [ReactiveMongoPlugin.scala:56] - ReactiveMongoPlugin stops, closing connections...
2015-11-04_12:44:30 INFO  [utils.scala:46] - Received Close message, going to close connections and moving on stage Closing
2015-11-04_12:44:30 WARN  [utils.scala:48] - (State: Closing) SPURIOUS ChannelConnected(1618287397) (ignored, channel closed)
2015-11-04_12:44:30 INFO  [utils.scala:46] - MongoDBSystem Actor[akka://reactivemongo/user/Connection-5#1070520685] is stopping.
2015-11-04_12:44:30 INFO  [ReactiveMongoPlugin.scala:61] - ReactiveMongo Connections stopped. [Success(Closed)]
2015-11-04_12:44:30 WARN  [utils.scala:48] - MongoDBSystem Actor[akka://reactivemongo/user/Connection-5#1070520685] stopped.
2015-11-04_12:44:45 WARN  [GuiceApplicationBuilder.scala:76] - Logger configuration in conf files is deprecated and has no effect. Use a logback configuration file instead.
2015-11-04_12:44:46 INFO  [Slf4jLogger.scala:80] - Slf4jLogger started
2015-11-04_12:44:46 INFO  [ReactiveMongoPlugin.scala:38] - ReactiveMongoPlugin starting...
2015-11-04_12:44:46 INFO  [ReactiveMongoPlugin.scala:43] - ReactiveMongoPlugin successfully started with db 'users-db'! Servers:
		[localhost:38128]
2015-11-04_12:44:47 INFO  [UserController.scala:72] - Successfully created user=Some(User(Some(1),first1,last1,20,true,Some(2015-11-04T12:44:47.541+08:00[Asia/Singapore]),Some(2015-11-04T12:44:47.542+08:00[Asia/Singapore])))
2015-11-04_12:44:47 INFO  [ReactiveMongoPlugin.scala:56] - ReactiveMongoPlugin stops, closing connections...
2015-11-04_12:44:47 INFO  [utils.scala:46] - Received Close message, going to close connections and moving on stage Closing
2015-11-04_12:44:47 WARN  [utils.scala:48] - (State: Closing) SPURIOUS ChannelConnected(910429541) (ignored, channel closed)
2015-11-04_12:44:47 INFO  [utils.scala:46] - MongoDBSystem Actor[akka://reactivemongo/user/Connection-5#-1660272222] is stopping.
2015-11-04_12:44:47 INFO  [ReactiveMongoPlugin.scala:61] - ReactiveMongo Connections stopped. [Success(Closed)]
2015-11-04_12:44:47 WARN  [utils.scala:48] - MongoDBSystem Actor[akka://reactivemongo/user/Connection-5#-1660272222] stopped.
2015-11-04_13:41:37 WARN  [GuiceApplicationBuilder.scala:76] - Logger configuration in conf files is deprecated and has no effect. Use a logback configuration file instead.
2015-11-04_13:41:37 INFO  [Slf4jLogger.scala:80] - Slf4jLogger started
2015-11-04_13:41:38 INFO  [ReactiveMongoPlugin.scala:38] - ReactiveMongoPlugin starting...
2015-11-04_13:41:38 INFO  [ReactiveMongoPlugin.scala:43] - ReactiveMongoPlugin successfully started with db 'users-db'! Servers:
		[localhost:38128]
2015-11-04_13:41:39 INFO  [UserController.scala:72] - Successfully created user=Some(User(Some(1),first1,last1,20,true,Some(2015-11-04T13:41:39.392+08:00[Asia/Singapore]),Some(2015-11-04T13:41:39.393+08:00[Asia/Singapore])))
2015-11-04_13:41:39 INFO  [ReactiveMongoPlugin.scala:56] - ReactiveMongoPlugin stops, closing connections...
2015-11-04_13:41:39 INFO  [utils.scala:46] - Received Close message, going to close connections and moving on stage Closing
2015-11-04_13:41:39 ERROR [utils.scala:50] - (State: Closing) UNHANDLED MESSAGE: Response(MessageHeader(194,13,11,1),Reply(8,0,0,1),LittleEndianHeapChannelBuffer(ridx=36, widx=194, cap=194),ResponseInfo(-719762750))
2015-11-04_13:41:39 INFO  [utils.scala:46] - MongoDBSystem Actor[akka://reactivemongo/user/Connection-5#-2113393613] is stopping.
2015-11-04_13:41:39 INFO  [ReactiveMongoPlugin.scala:61] - ReactiveMongo Connections stopped. [Success(Closed)]
2015-11-04_13:41:39 WARN  [utils.scala:48] - MongoDBSystem Actor[akka://reactivemongo/user/Connection-5#-2113393613] stopped.
2015-11-04_13:46:39 WARN  [GuiceApplicationBuilder.scala:76] - Logger configuration in conf files is deprecated and has no effect. Use a logback configuration file instead.
2015-11-04_13:46:40 INFO  [Slf4jLogger.scala:80] - Slf4jLogger started
2015-11-04_13:46:40 INFO  [ReactiveMongoPlugin.scala:38] - ReactiveMongoPlugin starting...
2015-11-04_13:46:40 INFO  [ReactiveMongoPlugin.scala:43] - ReactiveMongoPlugin successfully started with db 'users-db'! Servers:
		[localhost:38128]
2015-11-04_13:46:41 INFO  [UserController.scala:72] - Successfully created user=Some(User(Some(1),first1,last1,20,true,Some(2015-11-04T13:46:41.742+08:00[Asia/Singapore]),Some(2015-11-04T13:46:41.742+08:00[Asia/Singapore])))
2015-11-04_13:46:41 INFO  [ReactiveMongoPlugin.scala:56] - ReactiveMongoPlugin stops, closing connections...
2015-11-04_13:46:41 INFO  [utils.scala:46] - Received Close message, going to close connections and moving on stage Closing
2015-11-04_13:46:42 ERROR [utils.scala:50] - (State: Closing) UNHANDLED MESSAGE: Response(MessageHeader(194,12,10,1),Reply(8,0,0,1),LittleEndianHeapChannelBuffer(ridx=36, widx=194, cap=194),ResponseInfo(1296810488))
2015-11-04_13:46:42 INFO  [utils.scala:46] - MongoDBSystem Actor[akka://reactivemongo/user/Connection-5#-1867844426] is stopping.
2015-11-04_13:46:42 INFO  [ReactiveMongoPlugin.scala:61] - ReactiveMongo Connections stopped. [Success(Closed)]
2015-11-04_13:46:42 WARN  [utils.scala:48] - MongoDBSystem Actor[akka://reactivemongo/user/Connection-5#-1867844426] stopped.
2015-11-04_13:53:43 WARN  [GuiceApplicationBuilder.scala:76] - Logger configuration in conf files is deprecated and has no effect. Use a logback configuration file instead.
2015-11-04_13:53:44 INFO  [Slf4jLogger.scala:80] - Slf4jLogger started
2015-11-04_13:53:45 INFO  [ReactiveMongoPlugin.scala:38] - ReactiveMongoPlugin starting...
2015-11-04_13:53:45 INFO  [ReactiveMongoPlugin.scala:43] - ReactiveMongoPlugin successfully started with db 'users-db'! Servers:
		[localhost:38128]
2015-11-04_13:53:46 INFO  [UserController.scala:72] - Successfully created user=Some(User(Some(1),first1,last1,20,true,Some(2015-11-04T13:53:46.122+08:00[Asia/Singapore]),Some(2015-11-04T13:53:46.122+08:00[Asia/Singapore])))
2015-11-04_13:53:46 INFO  [ReactiveMongoPlugin.scala:56] - ReactiveMongoPlugin stops, closing connections...
2015-11-04_13:53:46 INFO  [utils.scala:46] - Received Close message, going to close connections and moving on stage Closing
2015-11-04_13:53:46 WARN  [utils.scala:48] - (State: Closing) SPURIOUS ChannelConnected(1347049014) (ignored, channel closed)
2015-11-04_13:53:46 INFO  [utils.scala:46] - MongoDBSystem Actor[akka://reactivemongo/user/Connection-5#539074585] is stopping.
2015-11-04_13:53:46 INFO  [ReactiveMongoPlugin.scala:61] - ReactiveMongo Connections stopped. [Success(Closed)]
2015-11-04_13:53:46 WARN  [utils.scala:48] - MongoDBSystem Actor[akka://reactivemongo/user/Connection-5#539074585] stopped.
