2015-11-16_00:05:35 WARN  [GuiceApplicationBuilder.scala:76] - Logger configuration in conf files is deprecated and has no effect. Use a logback configuration file instead.
2015-11-16_00:05:36 INFO  [utils.scala:46] - The node set is now available
2015-11-16_00:05:36 INFO  [utils.scala:46] - The primary is now available
2015-11-16_00:05:37 WARN  [GuiceApplicationBuilder.scala:76] - Logger configuration in conf files is deprecated and has no effect. Use a logback configuration file instead.
2015-11-16_00:05:38 INFO  [Slf4jLogger.scala:80] - Slf4jLogger started
2015-11-16_00:05:38 INFO  [Slf4jLogger.scala:80] - Slf4jLogger started
2015-11-16_00:05:38 INFO  [ReactiveMongoPlugin.scala:38] - ReactiveMongoPlugin starting...
2015-11-16_00:05:38 INFO  [ReactiveMongoPlugin.scala:43] - ReactiveMongoPlugin successfully started with db 'users-db'! Servers:
		[localhost:38128]
2015-11-16_00:05:38 ERROR [AbstractProcess.java:117] - failed to call onAfterProcessStart()
java.io.IOException: Could not start process: failed errno:48 Address already in use for socket: 0.0.0.0:38128
2015-11-16T00:05:38.487+0800 E NETWORK  [initandlisten]   addr already in use

	at de.flapdoodle.embed.mongo.AbstractMongoProcess.onAfterProcessStart(AbstractMongoProcess.java:79) [de.flapdoodle.embed.mongo-1.50.0.jar:na]
	at de.flapdoodle.embed.process.runtime.AbstractProcess.<init>(AbstractProcess.java:114) ~[de.flapdoodle.embed.process-1.50.0.jar:na]
	at de.flapdoodle.embed.mongo.AbstractMongoProcess.<init>(AbstractMongoProcess.java:53) [de.flapdoodle.embed.mongo-1.50.0.jar:na]
	at de.flapdoodle.embed.mongo.MongodProcess.<init>(MongodProcess.java:50) [de.flapdoodle.embed.mongo-1.50.0.jar:na]
	at de.flapdoodle.embed.mongo.MongodExecutable.start(MongodExecutable.java:44) [de.flapdoodle.embed.mongo-1.50.0.jar:na]
	at de.flapdoodle.embed.mongo.MongodExecutable.start(MongodExecutable.java:34) [de.flapdoodle.embed.mongo-1.50.0.jar:na]
	at de.flapdoodle.embed.process.runtime.Executable.start(Executable.java:101) [de.flapdoodle.embed.process-1.50.0.jar:na]
	at utils.FakeMongo.start(FakeMongo.scala:21) [test-classes/:na]
	at services.UserServiceIntegrationTest.initDb(UserServiceIntegrationTest.scala:144) [test-classes/:na]
	at services.UserServiceIntegrationTest.beforeAll(UserServiceIntegrationTest.scala:126) [test-classes/:na]
	at org.scalatest.BeforeAndAfterAll$class.beforeAll(BeforeAndAfterAll.scala:187) [scalatest_2.11-2.2.5.jar:na]
	at services.UserServiceIntegrationTest.beforeAll(UserServiceIntegrationTest.scala:18) [test-classes/:na]
	at org.scalatest.BeforeAndAfterAll$class.run(BeforeAndAfterAll.scala:253) [scalatest_2.11-2.2.5.jar:na]
	at services.UserServiceIntegrationTest.run(UserServiceIntegrationTest.scala:18) [test-classes/:na]
	at org.scalatest.tools.Framework.org$scalatest$tools$Framework$$runSuite(Framework.scala:466) [scalatest_2.11-2.2.5.jar:na]
	at org.scalatest.tools.Framework$ScalaTestTask.execute(Framework.scala:677) [scalatest_2.11-2.2.5.jar:na]
	at sbt.TestRunner.runTest$1(TestFramework.scala:76) [testing-0.13.8.jar:0.13.8]
	at sbt.TestRunner.run(TestFramework.scala:85) [testing-0.13.8.jar:0.13.8]
	at sbt.TestFramework$$anon$2$$anonfun$$init$$1$$anonfun$apply$8.apply(TestFramework.scala:202) [testing-0.13.8.jar:0.13.8]
	at sbt.TestFramework$$anon$2$$anonfun$$init$$1$$anonfun$apply$8.apply(TestFramework.scala:202) [testing-0.13.8.jar:0.13.8]
	at sbt.TestFramework$.sbt$TestFramework$$withContextLoader(TestFramework.scala:185) [testing-0.13.8.jar:0.13.8]
	at sbt.TestFramework$$anon$2$$anonfun$$init$$1.apply(TestFramework.scala:202) [testing-0.13.8.jar:0.13.8]
	at sbt.TestFramework$$anon$2$$anonfun$$init$$1.apply(TestFramework.scala:202) [testing-0.13.8.jar:0.13.8]
	at sbt.TestFunction.apply(TestFramework.scala:207) [testing-0.13.8.jar:0.13.8]
	at sbt.Tests$$anonfun$9.apply(Tests.scala:216) [actions-0.13.8.jar:0.13.8]
	at sbt.Tests$$anonfun$9.apply(Tests.scala:216) [actions-0.13.8.jar:0.13.8]
	at sbt.std.Transform$$anon$3$$anonfun$apply$2.apply(System.scala:44) [task-system-0.13.8.jar:0.13.8]
	at sbt.std.Transform$$anon$3$$anonfun$apply$2.apply(System.scala:44) [task-system-0.13.8.jar:0.13.8]
	at sbt.std.Transform$$anon$4.work(System.scala:63) [task-system-0.13.8.jar:0.13.8]
	at sbt.Execute$$anonfun$submit$1$$anonfun$apply$1.apply(Execute.scala:226) [tasks-0.13.8.jar:0.13.8]
	at sbt.Execute$$anonfun$submit$1$$anonfun$apply$1.apply(Execute.scala:226) [tasks-0.13.8.jar:0.13.8]
	at sbt.ErrorHandling$.wideConvert(ErrorHandling.scala:17) [control-0.13.8.jar:0.13.8]
	at sbt.Execute.work(Execute.scala:235) [tasks-0.13.8.jar:0.13.8]
	at sbt.Execute$$anonfun$submit$1.apply(Execute.scala:226) [tasks-0.13.8.jar:0.13.8]
	at sbt.Execute$$anonfun$submit$1.apply(Execute.scala:226) [tasks-0.13.8.jar:0.13.8]
	at sbt.ConcurrentRestrictions$$anon$4$$anonfun$1.apply(ConcurrentRestrictions.scala:159) [tasks-0.13.8.jar:0.13.8]
	at sbt.CompletionService$$anon$2.call(CompletionService.scala:28) [tasks-0.13.8.jar:0.13.8]
	at java.util.concurrent.FutureTask.run(FutureTask.java:266) [na:1.8.0_45]
	at java.util.concurrent.Executors$RunnableAdapter.call(Executors.java:511) [na:1.8.0_45]
	at java.util.concurrent.FutureTask.run(FutureTask.java:266) [na:1.8.0_45]
	at java.util.concurrent.ThreadPoolExecutor.runWorker(ThreadPoolExecutor.java:1142) [na:1.8.0_45]
	at java.util.concurrent.ThreadPoolExecutor$Worker.run(ThreadPoolExecutor.java:617) [na:1.8.0_45]
	at java.lang.Thread.run(Thread.java:745) [na:1.8.0_45]
2015-11-16_00:05:38 INFO  [AbstractProcess.java:118] - construct de.flapdoodle.embed.mongo.config.MongodConfigBuilder$ImmutableMongodConfig@223e98a8
2015-11-16_00:05:39 ERROR [utils.scala:50] - The entire node set is unreachable, is there a network problem?
2015-11-16_00:05:42 ERROR [utils.scala:51] - Got an error, no more attempts to do. Completing with a failure...
reactivemongo.core.actors.Exceptions$PrimaryUnavailableException$: MongoError['No primary node is available!']
	at reactivemongo.core.actors.Exceptions$PrimaryUnavailableException$.<clinit>(actors.scala) ~[reactivemongo_2.11-0.11.7.jar:0.11.7]
	at reactivemongo.core.actors.MongoDBSystem$$anonfun$pickChannel$4.apply(actors.scala:635) ~[reactivemongo_2.11-0.11.7.jar:0.11.7]
	at reactivemongo.core.actors.MongoDBSystem$$anonfun$pickChannel$4.apply(actors.scala:635) ~[reactivemongo_2.11-0.11.7.jar:0.11.7]
	at scala.Option.getOrElse(Option.scala:121) ~[scala-library-2.11.6.jar:0.13.8-M5]
	at reactivemongo.core.actors.MongoDBSystem$class.pickChannel(actors.scala:635) ~[reactivemongo_2.11-0.11.7.jar:0.11.7]
	at reactivemongo.core.actors.LegacyDBSystem.pickChannel(actors.scala:750) ~[reactivemongo_2.11-0.11.7.jar:0.11.7]
	at reactivemongo.core.actors.MongoDBSystem$$anonfun$4.applyOrElse(actors.scala:304) ~[reactivemongo_2.11-0.11.7.jar:0.11.7]
	at scala.PartialFunction$OrElse.applyOrElse(PartialFunction.scala:170) ~[scala-library-2.11.6.jar:0.13.8-M5]
	at akka.actor.Actor$class.aroundReceive(Actor.scala:467) ~[akka-actor_2.11-2.3.13.jar:na]
	at reactivemongo.core.actors.LegacyDBSystem.aroundReceive(actors.scala:750) ~[reactivemongo_2.11-0.11.7.jar:0.11.7]
	at akka.actor.ActorCell.receiveMessage(ActorCell.scala:516) ~[akka-actor_2.11-2.3.13.jar:na]
	at akka.actor.ActorCell.invoke(ActorCell.scala:487) ~[akka-actor_2.11-2.3.13.jar:na]
	at akka.dispatch.Mailbox.processMailbox(Mailbox.scala:238) ~[akka-actor_2.11-2.3.13.jar:na]
	at akka.dispatch.Mailbox.run(Mailbox.scala:220) ~[akka-actor_2.11-2.3.13.jar:na]
	at akka.dispatch.ForkJoinExecutorConfigurator$AkkaForkJoinTask.exec(AbstractDispatcher.scala:397) [akka-actor_2.11-2.3.13.jar:na]
	at scala.concurrent.forkjoin.ForkJoinTask.doExec(ForkJoinTask.java:260) [scala-library-2.11.6.jar:na]
	at scala.concurrent.forkjoin.ForkJoinPool$WorkQueue.runTask(ForkJoinPool.java:1339) [scala-library-2.11.6.jar:na]
	at scala.concurrent.forkjoin.ForkJoinPool.runWorker(ForkJoinPool.java:1979) [scala-library-2.11.6.jar:na]
	at scala.concurrent.forkjoin.ForkJoinWorkerThread.run(ForkJoinWorkerThread.java:107) [scala-library-2.11.6.jar:na]
2015-11-16_00:05:42 ERROR [UserController.scala:77] - Failed to insert user User(None,first1,last1,20,true,None,None)
reactivemongo.core.actors.Exceptions$PrimaryUnavailableException$: MongoError['No primary node is available!']
	at reactivemongo.core.actors.Exceptions$PrimaryUnavailableException$.<clinit>(actors.scala) ~[reactivemongo_2.11-0.11.7.jar:0.11.7]
	at reactivemongo.core.actors.MongoDBSystem$$anonfun$pickChannel$4.apply(actors.scala:635) ~[reactivemongo_2.11-0.11.7.jar:0.11.7]
	at reactivemongo.core.actors.MongoDBSystem$$anonfun$pickChannel$4.apply(actors.scala:635) ~[reactivemongo_2.11-0.11.7.jar:0.11.7]
	at scala.Option.getOrElse(Option.scala:121) ~[scala-library-2.11.6.jar:0.13.8-M5]
	at reactivemongo.core.actors.MongoDBSystem$class.pickChannel(actors.scala:635) ~[reactivemongo_2.11-0.11.7.jar:0.11.7]
	at reactivemongo.core.actors.LegacyDBSystem.pickChannel(actors.scala:750) ~[reactivemongo_2.11-0.11.7.jar:0.11.7]
	at reactivemongo.core.actors.MongoDBSystem$$anonfun$4.applyOrElse(actors.scala:304) ~[reactivemongo_2.11-0.11.7.jar:0.11.7]
	at scala.PartialFunction$OrElse.applyOrElse(PartialFunction.scala:170) ~[scala-library-2.11.6.jar:0.13.8-M5]
	at akka.actor.Actor$class.aroundReceive(Actor.scala:467) ~[akka-actor_2.11-2.3.13.jar:na]
	at reactivemongo.core.actors.LegacyDBSystem.aroundReceive(actors.scala:750) ~[reactivemongo_2.11-0.11.7.jar:0.11.7]
	at akka.actor.ActorCell.receiveMessage(ActorCell.scala:516) ~[akka-actor_2.11-2.3.13.jar:na]
	at akka.actor.ActorCell.invoke(ActorCell.scala:487) ~[akka-actor_2.11-2.3.13.jar:na]
	at akka.dispatch.Mailbox.processMailbox(Mailbox.scala:238) ~[akka-actor_2.11-2.3.13.jar:na]
	at akka.dispatch.Mailbox.run(Mailbox.scala:220) ~[akka-actor_2.11-2.3.13.jar:na]
	at akka.dispatch.ForkJoinExecutorConfigurator$AkkaForkJoinTask.exec(AbstractDispatcher.scala:397) ~[akka-actor_2.11-2.3.13.jar:na]
	at scala.concurrent.forkjoin.ForkJoinTask.doExec(ForkJoinTask.java:260) ~[scala-library-2.11.6.jar:na]
	at scala.concurrent.forkjoin.ForkJoinPool$WorkQueue.runTask(ForkJoinPool.java:1339) ~[scala-library-2.11.6.jar:na]
	at scala.concurrent.forkjoin.ForkJoinPool.runWorker(ForkJoinPool.java:1979) [scala-library-2.11.6.jar:na]
	at scala.concurrent.forkjoin.ForkJoinWorkerThread.run(ForkJoinWorkerThread.java:107) [scala-library-2.11.6.jar:na]
2015-11-16_00:05:43 ERROR [UserController.scala:65] - Failed to create a user due to invalid json format: {"obj.active":[{"msg":["error.path.missing"],"args":[]}],"obj.firstName":[{"msg":["error.expected.jsstring"],"args":[]}]}
2015-11-16_00:05:45 ERROR [utils.scala:51] - Got an error, no more attempts to do. Completing with a failure...
reactivemongo.core.actors.Exceptions$PrimaryUnavailableException$: MongoError['No primary node is available!']
	at reactivemongo.core.actors.Exceptions$PrimaryUnavailableException$.<clinit>(actors.scala) ~[reactivemongo_2.11-0.11.7.jar:0.11.7]
	at reactivemongo.core.actors.MongoDBSystem$$anonfun$pickChannel$4.apply(actors.scala:635) ~[reactivemongo_2.11-0.11.7.jar:0.11.7]
	at reactivemongo.core.actors.MongoDBSystem$$anonfun$pickChannel$4.apply(actors.scala:635) ~[reactivemongo_2.11-0.11.7.jar:0.11.7]
	at scala.Option.getOrElse(Option.scala:121) ~[scala-library-2.11.6.jar:0.13.8-M5]
	at reactivemongo.core.actors.MongoDBSystem$class.pickChannel(actors.scala:635) ~[reactivemongo_2.11-0.11.7.jar:0.11.7]
	at reactivemongo.core.actors.LegacyDBSystem.pickChannel(actors.scala:750) ~[reactivemongo_2.11-0.11.7.jar:0.11.7]
	at reactivemongo.core.actors.MongoDBSystem$$anonfun$4.applyOrElse(actors.scala:304) ~[reactivemongo_2.11-0.11.7.jar:0.11.7]
	at scala.PartialFunction$OrElse.applyOrElse(PartialFunction.scala:170) ~[scala-library-2.11.6.jar:0.13.8-M5]
	at akka.actor.Actor$class.aroundReceive(Actor.scala:467) ~[akka-actor_2.11-2.3.13.jar:na]
	at reactivemongo.core.actors.LegacyDBSystem.aroundReceive(actors.scala:750) ~[reactivemongo_2.11-0.11.7.jar:0.11.7]
	at akka.actor.ActorCell.receiveMessage(ActorCell.scala:516) ~[akka-actor_2.11-2.3.13.jar:na]
	at akka.actor.ActorCell.invoke(ActorCell.scala:487) ~[akka-actor_2.11-2.3.13.jar:na]
	at akka.dispatch.Mailbox.processMailbox(Mailbox.scala:238) ~[akka-actor_2.11-2.3.13.jar:na]
	at akka.dispatch.Mailbox.run(Mailbox.scala:220) ~[akka-actor_2.11-2.3.13.jar:na]
	at akka.dispatch.ForkJoinExecutorConfigurator$AkkaForkJoinTask.exec(AbstractDispatcher.scala:397) [akka-actor_2.11-2.3.13.jar:na]
	at scala.concurrent.forkjoin.ForkJoinTask.doExec(ForkJoinTask.java:260) [scala-library-2.11.6.jar:na]
	at scala.concurrent.forkjoin.ForkJoinPool$WorkQueue.runTask(ForkJoinPool.java:1339) [scala-library-2.11.6.jar:na]
	at scala.concurrent.forkjoin.ForkJoinPool.runWorker(ForkJoinPool.java:1979) [scala-library-2.11.6.jar:na]
	at scala.concurrent.forkjoin.ForkJoinWorkerThread.run(ForkJoinWorkerThread.java:107) [scala-library-2.11.6.jar:na]
2015-11-16_00:05:45 INFO  [ReactiveMongoPlugin.scala:56] - ReactiveMongoPlugin stops, closing connections...
2015-11-16_00:05:45 INFO  [utils.scala:46] - Received Close message, going to close connections and moving on stage Closing
2015-11-16_00:05:45 INFO  [utils.scala:46] - MongoDBSystem Actor[akka://reactivemongo/user/Connection-5#341710867] is stopping.
2015-11-16_00:05:45 WARN  [utils.scala:48] - MongoDBSystem Actor[akka://reactivemongo/user/Connection-5#341710867] stopped.
2015-11-16_00:05:45 INFO  [ReactiveMongoPlugin.scala:61] - ReactiveMongo Connections stopped. [Success(Closed)]
2015-11-16_00:06:26 WARN  [GuiceApplicationBuilder.scala:76] - Logger configuration in conf files is deprecated and has no effect. Use a logback configuration file instead.
2015-11-16_00:06:29 INFO  [Slf4jLogger.scala:80] - Slf4jLogger started
2015-11-16_00:06:30 INFO  [Executable.java:102] - start de.flapdoodle.embed.mongo.config.MongodConfigBuilder$ImmutableMongodConfig@667e34b1
2015-11-16_00:06:31 INFO  [utils.scala:46] - The node set is now available
2015-11-16_00:06:31 INFO  [utils.scala:46] - The primary is now available
2015-11-16_00:06:35 WARN  [utils.scala:48] - MongoDBSystem Actor[akka://reactivemongo/user/Connection-2#-791826133] stopped.
2015-11-16_00:06:35 INFO  [ProcessControl.java:101] - stopOrDestroyProcess: process hasn't exited 
2015-11-16_00:07:30 WARN  [GuiceApplicationBuilder.scala:76] - Logger configuration in conf files is deprecated and has no effect. Use a logback configuration file instead.
2015-11-16_00:07:32 INFO  [utils.scala:46] - The node set is now available
2015-11-16_00:07:32 INFO  [utils.scala:46] - The primary is now available
2015-11-16_00:07:32 WARN  [GuiceApplicationBuilder.scala:76] - Logger configuration in conf files is deprecated and has no effect. Use a logback configuration file instead.
2015-11-16_00:07:33 INFO  [Slf4jLogger.scala:80] - Slf4jLogger started
2015-11-16_00:07:33 INFO  [Slf4jLogger.scala:80] - Slf4jLogger started
2015-11-16_00:07:33 ERROR [AbstractProcess.java:117] - failed to call onAfterProcessStart()
java.io.IOException: Could not start process: failed errno:48 Address already in use for socket: 0.0.0.0:38128
2015-11-16T00:07:33.449+0800 E NETWORK  [initandlisten]   addr already in use
2015-11-16T00:07:33.450+0800 I STORAGE  [initandlisten] wiredtiger_open config: create,cache_size=4G,session_max=20000,eviction=(threads_max=4),statistics=(fast),log=(enabled=true,archive=true,path=journal,compressor=snappy),file_manager=(close_idle_time=100000),checkpoint=(wait=0,log_size=2GB),statistics_log=(wait=0),,log=(enabled=false),

	at de.flapdoodle.embed.mongo.AbstractMongoProcess.onAfterProcessStart(AbstractMongoProcess.java:79) [de.flapdoodle.embed.mongo-1.50.0.jar:na]
	at de.flapdoodle.embed.process.runtime.AbstractProcess.<init>(AbstractProcess.java:114) ~[de.flapdoodle.embed.process-1.50.0.jar:na]
	at de.flapdoodle.embed.mongo.AbstractMongoProcess.<init>(AbstractMongoProcess.java:53) [de.flapdoodle.embed.mongo-1.50.0.jar:na]
	at de.flapdoodle.embed.mongo.MongodProcess.<init>(MongodProcess.java:50) [de.flapdoodle.embed.mongo-1.50.0.jar:na]
	at de.flapdoodle.embed.mongo.MongodExecutable.start(MongodExecutable.java:44) [de.flapdoodle.embed.mongo-1.50.0.jar:na]
	at de.flapdoodle.embed.mongo.MongodExecutable.start(MongodExecutable.java:34) [de.flapdoodle.embed.mongo-1.50.0.jar:na]
	at de.flapdoodle.embed.process.runtime.Executable.start(Executable.java:101) [de.flapdoodle.embed.process-1.50.0.jar:na]
	at utils.FakeMongo.start(FakeMongo.scala:21) [test-classes/:na]
	at services.UserServiceIntegrationTest.initDb(UserServiceIntegrationTest.scala:144) [test-classes/:na]
	at services.UserServiceIntegrationTest.beforeAll(UserServiceIntegrationTest.scala:126) [test-classes/:na]
	at org.scalatest.BeforeAndAfterAll$class.beforeAll(BeforeAndAfterAll.scala:187) [scalatest_2.11-2.2.5.jar:na]
	at services.UserServiceIntegrationTest.beforeAll(UserServiceIntegrationTest.scala:18) [test-classes/:na]
	at org.scalatest.BeforeAndAfterAll$class.run(BeforeAndAfterAll.scala:253) [scalatest_2.11-2.2.5.jar:na]
	at services.UserServiceIntegrationTest.run(UserServiceIntegrationTest.scala:18) [test-classes/:na]
	at org.scalatest.tools.Framework.org$scalatest$tools$Framework$$runSuite(Framework.scala:466) [scalatest_2.11-2.2.5.jar:na]
	at org.scalatest.tools.Framework$ScalaTestTask.execute(Framework.scala:677) [scalatest_2.11-2.2.5.jar:na]
	at sbt.TestRunner.runTest$1(TestFramework.scala:76) [testing-0.13.8.jar:0.13.8]
	at sbt.TestRunner.run(TestFramework.scala:85) [testing-0.13.8.jar:0.13.8]
	at sbt.TestFramework$$anon$2$$anonfun$$init$$1$$anonfun$apply$8.apply(TestFramework.scala:202) [testing-0.13.8.jar:0.13.8]
	at sbt.TestFramework$$anon$2$$anonfun$$init$$1$$anonfun$apply$8.apply(TestFramework.scala:202) [testing-0.13.8.jar:0.13.8]
	at sbt.TestFramework$.sbt$TestFramework$$withContextLoader(TestFramework.scala:185) [testing-0.13.8.jar:0.13.8]
	at sbt.TestFramework$$anon$2$$anonfun$$init$$1.apply(TestFramework.scala:202) [testing-0.13.8.jar:0.13.8]
	at sbt.TestFramework$$anon$2$$anonfun$$init$$1.apply(TestFramework.scala:202) [testing-0.13.8.jar:0.13.8]
	at sbt.TestFunction.apply(TestFramework.scala:207) [testing-0.13.8.jar:0.13.8]
	at sbt.Tests$$anonfun$9.apply(Tests.scala:216) [actions-0.13.8.jar:0.13.8]
	at sbt.Tests$$anonfun$9.apply(Tests.scala:216) [actions-0.13.8.jar:0.13.8]
	at sbt.std.Transform$$anon$3$$anonfun$apply$2.apply(System.scala:44) [task-system-0.13.8.jar:0.13.8]
	at sbt.std.Transform$$anon$3$$anonfun$apply$2.apply(System.scala:44) [task-system-0.13.8.jar:0.13.8]
	at sbt.std.Transform$$anon$4.work(System.scala:63) [task-system-0.13.8.jar:0.13.8]
	at sbt.Execute$$anonfun$submit$1$$anonfun$apply$1.apply(Execute.scala:226) [tasks-0.13.8.jar:0.13.8]
	at sbt.Execute$$anonfun$submit$1$$anonfun$apply$1.apply(Execute.scala:226) [tasks-0.13.8.jar:0.13.8]
	at sbt.ErrorHandling$.wideConvert(ErrorHandling.scala:17) [control-0.13.8.jar:0.13.8]
	at sbt.Execute.work(Execute.scala:235) [tasks-0.13.8.jar:0.13.8]
	at sbt.Execute$$anonfun$submit$1.apply(Execute.scala:226) [tasks-0.13.8.jar:0.13.8]
	at sbt.Execute$$anonfun$submit$1.apply(Execute.scala:226) [tasks-0.13.8.jar:0.13.8]
	at sbt.ConcurrentRestrictions$$anon$4$$anonfun$1.apply(ConcurrentRestrictions.scala:159) [tasks-0.13.8.jar:0.13.8]
	at sbt.CompletionService$$anon$2.call(CompletionService.scala:28) [tasks-0.13.8.jar:0.13.8]
	at java.util.concurrent.FutureTask.run(FutureTask.java:266) [na:1.8.0_45]
	at java.util.concurrent.Executors$RunnableAdapter.call(Executors.java:511) [na:1.8.0_45]
	at java.util.concurrent.FutureTask.run(FutureTask.java:266) [na:1.8.0_45]
	at java.util.concurrent.ThreadPoolExecutor.runWorker(ThreadPoolExecutor.java:1142) [na:1.8.0_45]
	at java.util.concurrent.ThreadPoolExecutor$Worker.run(ThreadPoolExecutor.java:617) [na:1.8.0_45]
	at java.lang.Thread.run(Thread.java:745) [na:1.8.0_45]
2015-11-16_00:07:33 INFO  [AbstractProcess.java:118] - construct de.flapdoodle.embed.mongo.config.MongodConfigBuilder$ImmutableMongodConfig@616799e3
2015-11-16_00:07:33 ERROR [utils.scala:50] - The entire node set is unreachable, is there a network problem?
2015-11-16_00:07:34 INFO  [ReactiveMongoPlugin.scala:38] - ReactiveMongoPlugin starting...
2015-11-16_00:07:34 INFO  [ReactiveMongoPlugin.scala:43] - ReactiveMongoPlugin successfully started with db 'users-db'! Servers:
		[localhost:38128]
2015-11-16_00:07:37 ERROR [utils.scala:51] - Got an error, no more attempts to do. Completing with a failure...
reactivemongo.core.actors.Exceptions$PrimaryUnavailableException$: MongoError['No primary node is available!']
	at reactivemongo.core.actors.Exceptions$PrimaryUnavailableException$.<clinit>(actors.scala) ~[reactivemongo_2.11-0.11.7.jar:0.11.7]
	at reactivemongo.core.actors.MongoDBSystem$$anonfun$pickChannel$4.apply(actors.scala:635) ~[reactivemongo_2.11-0.11.7.jar:0.11.7]
	at reactivemongo.core.actors.MongoDBSystem$$anonfun$pickChannel$4.apply(actors.scala:635) ~[reactivemongo_2.11-0.11.7.jar:0.11.7]
	at scala.Option.getOrElse(Option.scala:121) ~[scala-library-2.11.6.jar:0.13.8-M5]
	at reactivemongo.core.actors.MongoDBSystem$class.pickChannel(actors.scala:635) ~[reactivemongo_2.11-0.11.7.jar:0.11.7]
	at reactivemongo.core.actors.LegacyDBSystem.pickChannel(actors.scala:750) ~[reactivemongo_2.11-0.11.7.jar:0.11.7]
	at reactivemongo.core.actors.MongoDBSystem$$anonfun$4.applyOrElse(actors.scala:304) ~[reactivemongo_2.11-0.11.7.jar:0.11.7]
	at scala.PartialFunction$OrElse.applyOrElse(PartialFunction.scala:170) ~[scala-library-2.11.6.jar:0.13.8-M5]
	at akka.actor.Actor$class.aroundReceive(Actor.scala:467) ~[akka-actor_2.11-2.3.13.jar:na]
	at reactivemongo.core.actors.LegacyDBSystem.aroundReceive(actors.scala:750) ~[reactivemongo_2.11-0.11.7.jar:0.11.7]
	at akka.actor.ActorCell.receiveMessage(ActorCell.scala:516) ~[akka-actor_2.11-2.3.13.jar:na]
	at akka.actor.ActorCell.invoke(ActorCell.scala:487) ~[akka-actor_2.11-2.3.13.jar:na]
	at akka.dispatch.Mailbox.processMailbox(Mailbox.scala:238) ~[akka-actor_2.11-2.3.13.jar:na]
	at akka.dispatch.Mailbox.run(Mailbox.scala:220) ~[akka-actor_2.11-2.3.13.jar:na]
	at akka.dispatch.ForkJoinExecutorConfigurator$AkkaForkJoinTask.exec(AbstractDispatcher.scala:397) [akka-actor_2.11-2.3.13.jar:na]
	at scala.concurrent.forkjoin.ForkJoinTask.doExec(ForkJoinTask.java:260) [scala-library-2.11.6.jar:na]
	at scala.concurrent.forkjoin.ForkJoinPool$WorkQueue.runTask(ForkJoinPool.java:1339) [scala-library-2.11.6.jar:na]
	at scala.concurrent.forkjoin.ForkJoinPool.runWorker(ForkJoinPool.java:1979) [scala-library-2.11.6.jar:na]
	at scala.concurrent.forkjoin.ForkJoinWorkerThread.run(ForkJoinWorkerThread.java:107) [scala-library-2.11.6.jar:na]
2015-11-16_00:07:37 ERROR [UserController.scala:77] - Failed to insert user User(None,first1,last1,20,true,None,None)
reactivemongo.core.actors.Exceptions$PrimaryUnavailableException$: MongoError['No primary node is available!']
	at reactivemongo.core.actors.Exceptions$PrimaryUnavailableException$.<clinit>(actors.scala) ~[reactivemongo_2.11-0.11.7.jar:0.11.7]
	at reactivemongo.core.actors.MongoDBSystem$$anonfun$pickChannel$4.apply(actors.scala:635) ~[reactivemongo_2.11-0.11.7.jar:0.11.7]
	at reactivemongo.core.actors.MongoDBSystem$$anonfun$pickChannel$4.apply(actors.scala:635) ~[reactivemongo_2.11-0.11.7.jar:0.11.7]
	at scala.Option.getOrElse(Option.scala:121) ~[scala-library-2.11.6.jar:0.13.8-M5]
	at reactivemongo.core.actors.MongoDBSystem$class.pickChannel(actors.scala:635) ~[reactivemongo_2.11-0.11.7.jar:0.11.7]
	at reactivemongo.core.actors.LegacyDBSystem.pickChannel(actors.scala:750) ~[reactivemongo_2.11-0.11.7.jar:0.11.7]
	at reactivemongo.core.actors.MongoDBSystem$$anonfun$4.applyOrElse(actors.scala:304) ~[reactivemongo_2.11-0.11.7.jar:0.11.7]
	at scala.PartialFunction$OrElse.applyOrElse(PartialFunction.scala:170) ~[scala-library-2.11.6.jar:0.13.8-M5]
	at akka.actor.Actor$class.aroundReceive(Actor.scala:467) ~[akka-actor_2.11-2.3.13.jar:na]
	at reactivemongo.core.actors.LegacyDBSystem.aroundReceive(actors.scala:750) ~[reactivemongo_2.11-0.11.7.jar:0.11.7]
	at akka.actor.ActorCell.receiveMessage(ActorCell.scala:516) ~[akka-actor_2.11-2.3.13.jar:na]
	at akka.actor.ActorCell.invoke(ActorCell.scala:487) ~[akka-actor_2.11-2.3.13.jar:na]
	at akka.dispatch.Mailbox.processMailbox(Mailbox.scala:238) ~[akka-actor_2.11-2.3.13.jar:na]
	at akka.dispatch.Mailbox.run(Mailbox.scala:220) ~[akka-actor_2.11-2.3.13.jar:na]
	at akka.dispatch.ForkJoinExecutorConfigurator$AkkaForkJoinTask.exec(AbstractDispatcher.scala:397) ~[akka-actor_2.11-2.3.13.jar:na]
	at scala.concurrent.forkjoin.ForkJoinTask.doExec(ForkJoinTask.java:260) ~[scala-library-2.11.6.jar:na]
	at scala.concurrent.forkjoin.ForkJoinPool$WorkQueue.runTask(ForkJoinPool.java:1339) ~[scala-library-2.11.6.jar:na]
	at scala.concurrent.forkjoin.ForkJoinPool.runWorker(ForkJoinPool.java:1979) [scala-library-2.11.6.jar:na]
	at scala.concurrent.forkjoin.ForkJoinWorkerThread.run(ForkJoinWorkerThread.java:107) [scala-library-2.11.6.jar:na]
2015-11-16_00:07:37 ERROR [UserController.scala:65] - Failed to create a user due to invalid json format: {"obj.active":[{"msg":["error.path.missing"],"args":[]}],"obj.firstName":[{"msg":["error.expected.jsstring"],"args":[]}]}
2015-11-16_00:07:40 ERROR [utils.scala:51] - Got an error, no more attempts to do. Completing with a failure...
reactivemongo.core.actors.Exceptions$PrimaryUnavailableException$: MongoError['No primary node is available!']
	at reactivemongo.core.actors.Exceptions$PrimaryUnavailableException$.<clinit>(actors.scala) ~[reactivemongo_2.11-0.11.7.jar:0.11.7]
	at reactivemongo.core.actors.MongoDBSystem$$anonfun$pickChannel$4.apply(actors.scala:635) ~[reactivemongo_2.11-0.11.7.jar:0.11.7]
	at reactivemongo.core.actors.MongoDBSystem$$anonfun$pickChannel$4.apply(actors.scala:635) ~[reactivemongo_2.11-0.11.7.jar:0.11.7]
	at scala.Option.getOrElse(Option.scala:121) ~[scala-library-2.11.6.jar:0.13.8-M5]
	at reactivemongo.core.actors.MongoDBSystem$class.pickChannel(actors.scala:635) ~[reactivemongo_2.11-0.11.7.jar:0.11.7]
	at reactivemongo.core.actors.LegacyDBSystem.pickChannel(actors.scala:750) ~[reactivemongo_2.11-0.11.7.jar:0.11.7]
	at reactivemongo.core.actors.MongoDBSystem$$anonfun$4.applyOrElse(actors.scala:304) ~[reactivemongo_2.11-0.11.7.jar:0.11.7]
	at scala.PartialFunction$OrElse.applyOrElse(PartialFunction.scala:170) ~[scala-library-2.11.6.jar:0.13.8-M5]
	at akka.actor.Actor$class.aroundReceive(Actor.scala:467) ~[akka-actor_2.11-2.3.13.jar:na]
	at reactivemongo.core.actors.LegacyDBSystem.aroundReceive(actors.scala:750) ~[reactivemongo_2.11-0.11.7.jar:0.11.7]
	at akka.actor.ActorCell.receiveMessage(ActorCell.scala:516) ~[akka-actor_2.11-2.3.13.jar:na]
	at akka.actor.ActorCell.invoke(ActorCell.scala:487) ~[akka-actor_2.11-2.3.13.jar:na]
	at akka.dispatch.Mailbox.processMailbox(Mailbox.scala:238) ~[akka-actor_2.11-2.3.13.jar:na]
	at akka.dispatch.Mailbox.run(Mailbox.scala:220) ~[akka-actor_2.11-2.3.13.jar:na]
	at akka.dispatch.ForkJoinExecutorConfigurator$AkkaForkJoinTask.exec(AbstractDispatcher.scala:397) [akka-actor_2.11-2.3.13.jar:na]
	at scala.concurrent.forkjoin.ForkJoinTask.doExec(ForkJoinTask.java:260) [scala-library-2.11.6.jar:na]
	at scala.concurrent.forkjoin.ForkJoinPool$WorkQueue.runTask(ForkJoinPool.java:1339) [scala-library-2.11.6.jar:na]
	at scala.concurrent.forkjoin.ForkJoinPool.runWorker(ForkJoinPool.java:1979) [scala-library-2.11.6.jar:na]
	at scala.concurrent.forkjoin.ForkJoinWorkerThread.run(ForkJoinWorkerThread.java:107) [scala-library-2.11.6.jar:na]
2015-11-16_00:07:40 INFO  [ReactiveMongoPlugin.scala:56] - ReactiveMongoPlugin stops, closing connections...
2015-11-16_00:07:40 INFO  [utils.scala:46] - Received Close message, going to close connections and moving on stage Closing
2015-11-16_00:07:40 INFO  [utils.scala:46] - MongoDBSystem Actor[akka://reactivemongo/user/Connection-5#1812648612] is stopping.
2015-11-16_00:07:40 WARN  [utils.scala:48] - MongoDBSystem Actor[akka://reactivemongo/user/Connection-5#1812648612] stopped.
2015-11-16_00:07:40 INFO  [ReactiveMongoPlugin.scala:61] - ReactiveMongo Connections stopped. [Success(Closed)]
2015-11-16_00:09:48 WARN  [GuiceApplicationBuilder.scala:76] - Logger configuration in conf files is deprecated and has no effect. Use a logback configuration file instead.
2015-11-16_00:09:50 INFO  [Slf4jLogger.scala:80] - Slf4jLogger started
2015-11-16_00:09:50 INFO  [ReactiveMongoPlugin.scala:38] - ReactiveMongoPlugin starting...
2015-11-16_00:09:50 INFO  [ReactiveMongoPlugin.scala:43] - ReactiveMongoPlugin successfully started with db 'users-db'! Servers:
		[localhost:38128]
2015-11-16_00:09:52 INFO  [UserController.scala:73] - Successfully created user=Some(User(Some(1),first1,last1,20,true,Some(2015-11-16T00:09:52.049+08:00[Asia/Singapore]),Some(2015-11-16T00:09:52.049+08:00[Asia/Singapore])))
2015-11-16_00:09:52 ERROR [UserController.scala:65] - Failed to create a user due to invalid json format: {"obj.active":[{"msg":["error.path.missing"],"args":[]}],"obj.firstName":[{"msg":["error.expected.jsstring"],"args":[]}]}
2015-11-16_00:09:52 INFO  [UserController.scala:23] - Found a user with id=1
2015-11-16_00:09:52 INFO  [ReactiveMongoPlugin.scala:56] - ReactiveMongoPlugin stops, closing connections...
2015-11-16_00:09:52 INFO  [utils.scala:46] - The node set is now available
2015-11-16_00:09:52 INFO  [utils.scala:46] - The primary is now available
2015-11-16_00:09:52 INFO  [utils.scala:46] - Received Close message, going to close connections and moving on stage Closing
2015-11-16_00:09:52 WARN  [utils.scala:48] - (State: Closing) SPURIOUS ChannelConnected(845490940) (ignored, channel closed)
2015-11-16_00:09:52 WARN  [utils.scala:48] - (State: Closing) SPURIOUS ChannelConnected(-88638925) (ignored, channel closed)
2015-11-16_00:09:52 WARN  [utils.scala:48] - (State: Closing) SPURIOUS ChannelConnected(1312849097) (ignored, channel closed)
2015-11-16_00:09:52 WARN  [utils.scala:48] - (State: Closing) SPURIOUS ChannelConnected(-1375914851) (ignored, channel closed)
2015-11-16_00:09:52 WARN  [utils.scala:48] - (State: Closing) SPURIOUS ChannelConnected(283152254) (ignored, channel closed)
2015-11-16_00:09:52 WARN  [utils.scala:48] - (State: Closing) SPURIOUS ChannelConnected(1181155675) (ignored, channel closed)
2015-11-16_00:09:52 WARN  [utils.scala:48] - (State: Closing) SPURIOUS ChannelConnected(1996653521) (ignored, channel closed)
2015-11-16_00:09:52 WARN  [utils.scala:48] - (State: Closing) SPURIOUS ChannelConnected(-215340437) (ignored, channel closed)
2015-11-16_00:09:52 WARN  [utils.scala:48] - (State: Closing) SPURIOUS ChannelConnected(-636387006) (ignored, channel closed)
2015-11-16_00:09:52 INFO  [ReactiveMongoPlugin.scala:61] - ReactiveMongo Connections stopped. [Success(Closed)]
2015-11-16_00:09:52 INFO  [utils.scala:46] - MongoDBSystem Actor[akka://reactivemongo/user/Connection-5#1526397196] is stopping.
2015-11-16_00:09:52 WARN  [utils.scala:48] - MongoDBSystem Actor[akka://reactivemongo/user/Connection-5#1526397196] stopped.
