2015-10-14 21:42:32,527 [INFO] from play.core.server.NettyServer in pool-6-thread-4 - Listening for HTTP on /0:0:0:0:0:0:0:0:9000
2015-10-14_21:42:37 WARN  [GuiceApplicationBuilder.scala:76] - Logger configuration in conf files is deprecated and has no effect. Use a logback configuration file instead.
2015-10-14_21:42:37 INFO  [utils.scala:46] - The node set is now available
2015-10-14_21:42:37 INFO  [utils.scala:46] - The primary is now available
2015-10-14_21:42:38 INFO  [Slf4jLogger.scala:80] - Slf4jLogger started
2015-10-14_21:42:38 INFO  [ReactiveMongoApi.scala:55] - ReactiveMongoApi starting...
2015-10-14_21:42:38 INFO  [ReactiveMongoApi.scala:64] - ReactiveMongoApi successfully started with DB 'users-db'! Servers:
		[localhost:27017]
2015-10-14_21:42:38 INFO  [utils.scala:46] - The node set is now available
2015-10-14_21:42:38 INFO  [utils.scala:46] - The primary is now available
2015-10-14_21:42:38 INFO  [ReactiveMongoPlugin.scala:38] - ReactiveMongoPlugin starting...
2015-10-14_21:42:38 INFO  [ReactiveMongoPlugin.scala:43] - ReactiveMongoPlugin successfully started with db 'users-db'! Servers:
		[localhost:27017]
2015-10-14_21:42:38 INFO  [Play.scala:97] - Application started (Dev)
2015-10-14_21:42:38 INFO  [Application.scala:15] - Serving index page...
2015-10-14_21:42:50 INFO  [UserController.scala:32] - Creating user with body {"firstName":"Linh","lastName":"Luong","age":29,"active":true}
2015-10-14_21:42:50 INFO  [UserDaoMongo.scala:31] - newId 4
2015-10-14_21:54:03 INFO  [ReactiveMongoPlugin.scala:56] - ReactiveMongoPlugin stops, closing connections...
2015-10-14_21:54:03 INFO  [utils.scala:46] - Received Close message, going to close connections and moving on stage Closing
2015-10-14_21:54:03 ERROR [utils.scala:50] - (State: Closing) UNHANDLED MESSAGE: Response(MessageHeader(194,228,156,1),Reply(8,0,0,1),LittleEndianHeapChannelBuffer(ridx=36, widx=194, cap=194),ResponseInfo(-394687561))
2015-10-14_21:54:03 INFO  [utils.scala:46] - MongoDBSystem Actor[akka://reactivemongo/user/Connection-8#421982677] is stopping.
2015-10-14_21:54:03 INFO  [ReactiveMongoPlugin.scala:61] - ReactiveMongo Connections stopped. [Success(Closed)]
2015-10-14_21:54:03 WARN  [utils.scala:48] - MongoDBSystem Actor[akka://reactivemongo/user/Connection-8#421982677] stopped.
2015-10-14_21:54:03 INFO  [ReactiveMongoApi.scala:79] - ReactiveMongoApi stopping...
2015-10-14_21:54:03 INFO  [utils.scala:46] - Received Close message, going to close connections and moving on stage Closing
2015-10-14_21:54:03 INFO  [utils.scala:46] - MongoDBSystem Actor[akka://reactivemongo/user/Connection-5#-1877099961] is stopping.
2015-10-14_21:54:03 WARN  [utils.scala:48] - MongoDBSystem Actor[akka://reactivemongo/user/Connection-5#-1877099961] stopped.
2015-10-14_21:54:03 INFO  [ReactiveMongoApi.scala:83] - ReactiveMongoApi connections stopped. [Success(Closed)]
2015-10-14_21:54:03 WARN  [GuiceApplicationBuilder.scala:76] - Logger configuration in conf files is deprecated and has no effect. Use a logback configuration file instead.
2015-10-14_21:54:03 INFO  [utils.scala:46] - The node set is now available
2015-10-14_21:54:03 INFO  [utils.scala:46] - The primary is now available
2015-10-14_21:54:03 INFO  [Slf4jLogger.scala:80] - Slf4jLogger started
2015-10-14_21:54:04 INFO  [ReactiveMongoApi.scala:55] - ReactiveMongoApi starting...
2015-10-14_21:54:04 INFO  [utils.scala:46] - The node set is now available
2015-10-14_21:54:04 INFO  [utils.scala:46] - The primary is now available
2015-10-14_21:54:04 INFO  [ReactiveMongoApi.scala:64] - ReactiveMongoApi successfully started with DB 'users-db'! Servers:
		[localhost:27017]
2015-10-14_21:54:04 INFO  [ReactiveMongoPlugin.scala:38] - ReactiveMongoPlugin starting...
2015-10-14_21:54:04 INFO  [ReactiveMongoPlugin.scala:43] - ReactiveMongoPlugin successfully started with db 'users-db'! Servers:
		[localhost:27017]
2015-10-14_21:54:04 INFO  [Play.scala:97] - Application started (Dev)
2015-10-14_21:54:04 INFO  [Application.scala:15] - Serving index page...
2015-10-14_21:54:04 ERROR [HttpErrorHandler.scala:216] - 

! @6nn2hd11n - Internal server error, for (GET) [/users] ->
 
play.api.http.HttpErrorHandlerExceptions$$anon$1: Execution exception[[RuntimeException: (/lastName,List(ValidationError(List(error.path.missing),WrappedArray()))), (/firstName,List(ValidationError(List(error.path.missing),WrappedArray())))]]
	at play.api.http.HttpErrorHandlerExceptions$.throwableToUsefulException(HttpErrorHandler.scala:265) ~[play_2.11-2.4.3.jar:2.4.3]
	at play.api.http.DefaultHttpErrorHandler.onServerError(HttpErrorHandler.scala:191) ~[play_2.11-2.4.3.jar:2.4.3]
	at play.api.GlobalSettings$class.onError(GlobalSettings.scala:179) [play_2.11-2.4.3.jar:2.4.3]
	at play.api.DefaultGlobal$.onError(GlobalSettings.scala:212) [play_2.11-2.4.3.jar:2.4.3]
	at play.api.http.GlobalSettingsHttpErrorHandler.onServerError(HttpErrorHandler.scala:94) [play_2.11-2.4.3.jar:2.4.3]
	at play.core.server.netty.PlayDefaultUpstreamHandler$$anonfun$9$$anonfun$apply$1.applyOrElse(PlayDefaultUpstreamHandler.scala:158) [play-netty-server_2.11-2.4.3.jar:2.4.3]
	at play.core.server.netty.PlayDefaultUpstreamHandler$$anonfun$9$$anonfun$apply$1.applyOrElse(PlayDefaultUpstreamHandler.scala:155) [play-netty-server_2.11-2.4.3.jar:2.4.3]
	at scala.runtime.AbstractPartialFunction.apply(AbstractPartialFunction.scala:36) [scala-library-2.11.7.jar:na]
	at scala.util.Failure$$anonfun$recover$1.apply(Try.scala:216) [scala-library-2.11.7.jar:na]
	at scala.util.Try$.apply(Try.scala:192) [scala-library-2.11.7.jar:na]
	at scala.util.Failure.recover(Try.scala:216) [scala-library-2.11.7.jar:na]
	at scala.concurrent.Future$$anonfun$recover$1.apply(Future.scala:324) [scala-library-2.11.7.jar:na]
	at scala.concurrent.Future$$anonfun$recover$1.apply(Future.scala:324) [scala-library-2.11.7.jar:na]
	at scala.concurrent.impl.CallbackRunnable.run(Promise.scala:32) [scala-library-2.11.7.jar:na]
	at play.api.libs.iteratee.Execution$trampoline$.executeScheduled(Execution.scala:109) [play-iteratees_2.11-2.4.3.jar:2.4.3]
	at play.api.libs.iteratee.Execution$trampoline$.execute(Execution.scala:71) [play-iteratees_2.11-2.4.3.jar:2.4.3]
	at scala.concurrent.impl.CallbackRunnable.executeWithValue(Promise.scala:40) [scala-library-2.11.7.jar:na]
	at scala.concurrent.impl.Promise$DefaultPromise.tryComplete(Promise.scala:248) [scala-library-2.11.7.jar:na]
	at scala.concurrent.Promise$class.complete(Promise.scala:55) [scala-library-2.11.7.jar:na]
	at scala.concurrent.impl.Promise$DefaultPromise.complete(Promise.scala:153) [scala-library-2.11.7.jar:na]
	at scala.concurrent.Future$$anonfun$map$1.apply(Future.scala:235) [scala-library-2.11.7.jar:na]
	at scala.concurrent.Future$$anonfun$map$1.apply(Future.scala:235) [scala-library-2.11.7.jar:na]
	at scala.concurrent.impl.CallbackRunnable.run(Promise.scala:32) [scala-library-2.11.7.jar:na]
	at akka.dispatch.BatchingExecutor$AbstractBatch.processBatch(BatchingExecutor.scala:55) [akka-actor_2.11-2.3.13.jar:na]
	at akka.dispatch.BatchingExecutor$BlockableBatch$$anonfun$run$1.apply$mcV$sp(BatchingExecutor.scala:91) [akka-actor_2.11-2.3.13.jar:na]
	at akka.dispatch.BatchingExecutor$BlockableBatch$$anonfun$run$1.apply(BatchingExecutor.scala:91) [akka-actor_2.11-2.3.13.jar:na]
	at akka.dispatch.BatchingExecutor$BlockableBatch$$anonfun$run$1.apply(BatchingExecutor.scala:91) [akka-actor_2.11-2.3.13.jar:na]
	at scala.concurrent.BlockContext$.withBlockContext(BlockContext.scala:72) [scala-library-2.11.7.jar:na]
	at akka.dispatch.BatchingExecutor$BlockableBatch.run(BatchingExecutor.scala:90) [akka-actor_2.11-2.3.13.jar:na]
	at akka.dispatch.TaskInvocation.run(AbstractDispatcher.scala:40) [akka-actor_2.11-2.3.13.jar:na]
	at akka.dispatch.ForkJoinExecutorConfigurator$AkkaForkJoinTask.exec(AbstractDispatcher.scala:397) [akka-actor_2.11-2.3.13.jar:na]
	at scala.concurrent.forkjoin.ForkJoinTask.doExec(ForkJoinTask.java:260) [scala-library-2.11.7.jar:na]
	at scala.concurrent.forkjoin.ForkJoinPool$WorkQueue.runTask(ForkJoinPool.java:1339) [scala-library-2.11.7.jar:na]
	at scala.concurrent.forkjoin.ForkJoinPool.runWorker(ForkJoinPool.java:1979) [scala-library-2.11.7.jar:na]
	at scala.concurrent.forkjoin.ForkJoinWorkerThread.run(ForkJoinWorkerThread.java:107) [scala-library-2.11.7.jar:na]
Caused by: java.lang.RuntimeException: (/lastName,List(ValidationError(List(error.path.missing),WrappedArray()))), (/firstName,List(ValidationError(List(error.path.missing),WrappedArray())))
	at scala.sys.package$.error(package.scala:27) ~[scala-library-2.11.7.jar:na]
	at play.api.libs.iteratee.Iteratee$$anonfun$run$1.apply(Iteratee.scala:396) ~[play-iteratees_2.11-2.4.3.jar:2.4.3]
	at play.api.libs.iteratee.Iteratee$$anonfun$run$1.apply(Iteratee.scala:389) ~[play-iteratees_2.11-2.4.3.jar:2.4.3]
	at play.api.libs.iteratee.StepIteratee$$anonfun$fold$2.apply(Iteratee.scala:706) ~[play-iteratees_2.11-2.4.3.jar:2.4.3]
	at play.api.libs.iteratee.StepIteratee$$anonfun$fold$2.apply(Iteratee.scala:706) ~[play-iteratees_2.11-2.4.3.jar:2.4.3]
	at scala.concurrent.impl.Future$PromiseCompletingRunnable.liftedTree1$1(Future.scala:24) ~[scala-library-2.11.7.jar:na]
	at scala.concurrent.impl.Future$PromiseCompletingRunnable.run(Future.scala:24) ~[scala-library-2.11.7.jar:na]
	at play.api.libs.iteratee.Execution$trampoline$.executeScheduled(Execution.scala:109) [play-iteratees_2.11-2.4.3.jar:2.4.3]
	at play.api.libs.iteratee.Execution$trampoline$.execute(Execution.scala:71) [play-iteratees_2.11-2.4.3.jar:2.4.3]
	at scala.concurrent.impl.CallbackRunnable.executeWithValue(Promise.scala:40) [scala-library-2.11.7.jar:na]
	at scala.concurrent.impl.Promise$DefaultPromise.tryComplete(Promise.scala:248) [scala-library-2.11.7.jar:na]
	at scala.concurrent.Promise$class.complete(Promise.scala:55) [scala-library-2.11.7.jar:na]
	at scala.concurrent.impl.Promise$DefaultPromise.complete(Promise.scala:153) [scala-library-2.11.7.jar:na]
	at scala.concurrent.impl.Future$PromiseCompletingRunnable.run(Future.scala:23) ~[scala-library-2.11.7.jar:na]
	at scala.concurrent.impl.ExecutionContextImpl$AdaptedForkJoinTask.exec(ExecutionContextImpl.scala:121) ~[scala-library-2.11.7.jar:na]
	at scala.concurrent.forkjoin.ForkJoinTask.doExec(ForkJoinTask.java:260) [scala-library-2.11.7.jar:na]
	at scala.concurrent.forkjoin.ForkJoinPool$WorkQueue.pollAndExecAll(ForkJoinPool.java:1253) [scala-library-2.11.7.jar:na]
	at scala.concurrent.forkjoin.ForkJoinPool$WorkQueue.runTask(ForkJoinPool.java:1346) [scala-library-2.11.7.jar:na]
	... 2 common frames omitted
2015-10-14_21:54:09 INFO  [Application.scala:15] - Serving index page...
2015-10-14_21:54:10 ERROR [HttpErrorHandler.scala:216] - 

! @6nn2hd9b7 - Internal server error, for (GET) [/users] ->
 
play.api.http.HttpErrorHandlerExceptions$$anon$1: Execution exception[[RuntimeException: (/lastName,List(ValidationError(List(error.path.missing),WrappedArray()))), (/firstName,List(ValidationError(List(error.path.missing),WrappedArray())))]]
	at play.api.http.HttpErrorHandlerExceptions$.throwableToUsefulException(HttpErrorHandler.scala:265) ~[play_2.11-2.4.3.jar:2.4.3]
	at play.api.http.DefaultHttpErrorHandler.onServerError(HttpErrorHandler.scala:191) ~[play_2.11-2.4.3.jar:2.4.3]
	at play.api.GlobalSettings$class.onError(GlobalSettings.scala:179) [play_2.11-2.4.3.jar:2.4.3]
	at play.api.DefaultGlobal$.onError(GlobalSettings.scala:212) [play_2.11-2.4.3.jar:2.4.3]
	at play.api.http.GlobalSettingsHttpErrorHandler.onServerError(HttpErrorHandler.scala:94) [play_2.11-2.4.3.jar:2.4.3]
	at play.core.server.netty.PlayDefaultUpstreamHandler$$anonfun$9$$anonfun$apply$1.applyOrElse(PlayDefaultUpstreamHandler.scala:158) [play-netty-server_2.11-2.4.3.jar:2.4.3]
	at play.core.server.netty.PlayDefaultUpstreamHandler$$anonfun$9$$anonfun$apply$1.applyOrElse(PlayDefaultUpstreamHandler.scala:155) [play-netty-server_2.11-2.4.3.jar:2.4.3]
	at scala.runtime.AbstractPartialFunction.apply(AbstractPartialFunction.scala:36) [scala-library-2.11.7.jar:na]
	at scala.util.Failure$$anonfun$recover$1.apply(Try.scala:216) [scala-library-2.11.7.jar:na]
	at scala.util.Try$.apply(Try.scala:192) [scala-library-2.11.7.jar:na]
	at scala.util.Failure.recover(Try.scala:216) [scala-library-2.11.7.jar:na]
	at scala.concurrent.Future$$anonfun$recover$1.apply(Future.scala:324) [scala-library-2.11.7.jar:na]
	at scala.concurrent.Future$$anonfun$recover$1.apply(Future.scala:324) [scala-library-2.11.7.jar:na]
	at scala.concurrent.impl.CallbackRunnable.run(Promise.scala:32) [scala-library-2.11.7.jar:na]
	at play.api.libs.iteratee.Execution$trampoline$.executeScheduled(Execution.scala:109) [play-iteratees_2.11-2.4.3.jar:2.4.3]
	at play.api.libs.iteratee.Execution$trampoline$.execute(Execution.scala:71) [play-iteratees_2.11-2.4.3.jar:2.4.3]
	at scala.concurrent.impl.CallbackRunnable.executeWithValue(Promise.scala:40) [scala-library-2.11.7.jar:na]
	at scala.concurrent.impl.Promise$DefaultPromise.tryComplete(Promise.scala:248) [scala-library-2.11.7.jar:na]
	at scala.concurrent.Promise$class.complete(Promise.scala:55) [scala-library-2.11.7.jar:na]
	at scala.concurrent.impl.Promise$DefaultPromise.complete(Promise.scala:153) [scala-library-2.11.7.jar:na]
	at scala.concurrent.Future$$anonfun$map$1.apply(Future.scala:235) [scala-library-2.11.7.jar:na]
	at scala.concurrent.Future$$anonfun$map$1.apply(Future.scala:235) [scala-library-2.11.7.jar:na]
	at scala.concurrent.impl.CallbackRunnable.run(Promise.scala:32) [scala-library-2.11.7.jar:na]
	at akka.dispatch.BatchingExecutor$AbstractBatch.processBatch(BatchingExecutor.scala:55) [akka-actor_2.11-2.3.13.jar:na]
	at akka.dispatch.BatchingExecutor$BlockableBatch$$anonfun$run$1.apply$mcV$sp(BatchingExecutor.scala:91) [akka-actor_2.11-2.3.13.jar:na]
	at akka.dispatch.BatchingExecutor$BlockableBatch$$anonfun$run$1.apply(BatchingExecutor.scala:91) [akka-actor_2.11-2.3.13.jar:na]
	at akka.dispatch.BatchingExecutor$BlockableBatch$$anonfun$run$1.apply(BatchingExecutor.scala:91) [akka-actor_2.11-2.3.13.jar:na]
	at scala.concurrent.BlockContext$.withBlockContext(BlockContext.scala:72) [scala-library-2.11.7.jar:na]
	at akka.dispatch.BatchingExecutor$BlockableBatch.run(BatchingExecutor.scala:90) [akka-actor_2.11-2.3.13.jar:na]
	at akka.dispatch.TaskInvocation.run(AbstractDispatcher.scala:40) [akka-actor_2.11-2.3.13.jar:na]
	at akka.dispatch.ForkJoinExecutorConfigurator$AkkaForkJoinTask.exec(AbstractDispatcher.scala:397) [akka-actor_2.11-2.3.13.jar:na]
	at scala.concurrent.forkjoin.ForkJoinTask.doExec(ForkJoinTask.java:260) [scala-library-2.11.7.jar:na]
	at scala.concurrent.forkjoin.ForkJoinPool$WorkQueue.runTask(ForkJoinPool.java:1339) [scala-library-2.11.7.jar:na]
	at scala.concurrent.forkjoin.ForkJoinPool.runWorker(ForkJoinPool.java:1979) [scala-library-2.11.7.jar:na]
	at scala.concurrent.forkjoin.ForkJoinWorkerThread.run(ForkJoinWorkerThread.java:107) [scala-library-2.11.7.jar:na]
Caused by: java.lang.RuntimeException: (/lastName,List(ValidationError(List(error.path.missing),WrappedArray()))), (/firstName,List(ValidationError(List(error.path.missing),WrappedArray())))
	at scala.sys.package$.error(package.scala:27) ~[scala-library-2.11.7.jar:na]
	at play.api.libs.iteratee.Iteratee$$anonfun$run$1.apply(Iteratee.scala:396) ~[play-iteratees_2.11-2.4.3.jar:2.4.3]
	at play.api.libs.iteratee.Iteratee$$anonfun$run$1.apply(Iteratee.scala:389) ~[play-iteratees_2.11-2.4.3.jar:2.4.3]
	at play.api.libs.iteratee.StepIteratee$$anonfun$fold$2.apply(Iteratee.scala:706) ~[play-iteratees_2.11-2.4.3.jar:2.4.3]
	at play.api.libs.iteratee.StepIteratee$$anonfun$fold$2.apply(Iteratee.scala:706) ~[play-iteratees_2.11-2.4.3.jar:2.4.3]
	at scala.concurrent.impl.Future$PromiseCompletingRunnable.liftedTree1$1(Future.scala:24) ~[scala-library-2.11.7.jar:na]
	at scala.concurrent.impl.Future$PromiseCompletingRunnable.run(Future.scala:24) ~[scala-library-2.11.7.jar:na]
	at play.api.libs.iteratee.Execution$trampoline$.executeScheduled(Execution.scala:109) [play-iteratees_2.11-2.4.3.jar:2.4.3]
	at play.api.libs.iteratee.Execution$trampoline$.execute(Execution.scala:71) [play-iteratees_2.11-2.4.3.jar:2.4.3]
	at scala.concurrent.impl.CallbackRunnable.executeWithValue(Promise.scala:40) [scala-library-2.11.7.jar:na]
	at scala.concurrent.impl.Promise$DefaultPromise.tryComplete(Promise.scala:248) [scala-library-2.11.7.jar:na]
	at scala.concurrent.Promise$class.complete(Promise.scala:55) [scala-library-2.11.7.jar:na]
	at scala.concurrent.impl.Promise$DefaultPromise.complete(Promise.scala:153) [scala-library-2.11.7.jar:na]
	at scala.concurrent.Future$$anonfun$recover$1.apply(Future.scala:324) [scala-library-2.11.7.jar:na]
	at scala.concurrent.Future$$anonfun$recover$1.apply(Future.scala:324) [scala-library-2.11.7.jar:na]
	at scala.concurrent.impl.CallbackRunnable.run(Promise.scala:32) [scala-library-2.11.7.jar:na]
	at scala.concurrent.impl.ExecutionContextImpl$AdaptedForkJoinTask.exec(ExecutionContextImpl.scala:121) ~[scala-library-2.11.7.jar:na]
	at scala.concurrent.forkjoin.ForkJoinTask.doExec(ForkJoinTask.java:260) [scala-library-2.11.7.jar:na]
	at scala.concurrent.forkjoin.ForkJoinPool$WorkQueue.pollAndExecAll(ForkJoinPool.java:1253) [scala-library-2.11.7.jar:na]
	at scala.concurrent.forkjoin.ForkJoinPool$WorkQueue.runTask(ForkJoinPool.java:1346) [scala-library-2.11.7.jar:na]
	... 2 common frames omitted
2015-10-14_22:07:18 INFO  [ReactiveMongoPlugin.scala:56] - ReactiveMongoPlugin stops, closing connections...
2015-10-14_22:07:18 INFO  [utils.scala:46] - Received Close message, going to close connections and moving on stage Closing
2015-10-14_22:07:18 WARN  [utils.scala:48] - (State: Closing) SPURIOUS ChannelConnected(-1724153092) (ignored, channel closed)
2015-10-14_22:07:18 INFO  [utils.scala:46] - MongoDBSystem Actor[akka://reactivemongo/user/Connection-17#-1159140986] is stopping.
2015-10-14_22:07:18 INFO  [ReactiveMongoPlugin.scala:61] - ReactiveMongo Connections stopped. [Success(Closed)]
2015-10-14_22:07:18 WARN  [utils.scala:48] - MongoDBSystem Actor[akka://reactivemongo/user/Connection-17#-1159140986] stopped.
2015-10-14_22:07:19 WARN  [Play.scala:109] - Error stopping plugin
java.util.concurrent.TimeoutException: Await termination timed out after [1 second]
	at akka.actor.ActorSystemImpl$TerminationCallbacks.ready(ActorSystem.scala:818) ~[akka-actor_2.11-2.3.13.jar:na]
	at akka.actor.ActorSystemImpl$TerminationCallbacks.ready(ActorSystem.scala:788) ~[akka-actor_2.11-2.3.13.jar:na]
	at scala.concurrent.Await$$anonfun$ready$1.apply(package.scala:169) ~[scala-library-2.11.7.jar:na]
	at scala.concurrent.Await$$anonfun$ready$1.apply(package.scala:169) ~[scala-library-2.11.7.jar:na]
	at akka.dispatch.MonitorableThreadFactory$AkkaForkJoinWorkerThread$$anon$3.block(ThreadPoolBuilder.scala:169) ~[akka-actor_2.11-2.3.13.jar:na]
	at scala.concurrent.forkjoin.ForkJoinPool.managedBlock(ForkJoinPool.java:3640) [scala-library-2.11.7.jar:na]
	at akka.dispatch.MonitorableThreadFactory$AkkaForkJoinWorkerThread.blockOn(ThreadPoolBuilder.scala:167) ~[akka-actor_2.11-2.3.13.jar:na]
	at scala.concurrent.Await$.ready(package.scala:169) ~[scala-library-2.11.7.jar:na]
	at akka.actor.ActorSystemImpl.awaitTermination(ActorSystem.scala:644) ~[akka-actor_2.11-2.3.13.jar:na]
	at reactivemongo.api.MongoDriver.close(api.scala:589) ~[reactivemongo_2.11-0.11.7.jar:0.11.7]
	at play.modules.reactivemongo.ReactiveMongoPlugin$$anonfun$onStop$2.apply(ReactiveMongoPlugin.scala:65) ~[play2-reactivemongo_2.11-0.11.7.play24.jar:0.11.7.play24]
	at play.modules.reactivemongo.ReactiveMongoPlugin$$anonfun$onStop$2.apply(ReactiveMongoPlugin.scala:57) ~[play2-reactivemongo_2.11-0.11.7.play24.jar:0.11.7.play24]
	at scala.Option.foreach(Option.scala:257) [scala-library-2.11.7.jar:na]
	at play.modules.reactivemongo.ReactiveMongoPlugin.onStop(ReactiveMongoPlugin.scala:57) ~[play2-reactivemongo_2.11-0.11.7.play24.jar:0.11.7.play24]
	at play.api.Play$$anonfun$stop$1$$anonfun$apply$1.apply(Play.scala:109) [play_2.11-2.4.3.jar:2.4.3]
	at play.api.Play$$anonfun$stop$1$$anonfun$apply$1.apply(Play.scala:108) [play_2.11-2.4.3.jar:2.4.3]
	at scala.collection.Iterator$class.foreach(Iterator.scala:742) [scala-library-2.11.7.jar:na]
	at scala.collection.AbstractIterator.foreach(Iterator.scala:1194) [scala-library-2.11.7.jar:na]
	at scala.collection.IterableLike$class.foreach(IterableLike.scala:72) [scala-library-2.11.7.jar:na]
	at scala.collection.AbstractIterable.foreach(Iterable.scala:54) [scala-library-2.11.7.jar:na]
	at play.api.Play$$anonfun$stop$1.apply(Play.scala:108) [play_2.11-2.4.3.jar:2.4.3]
	at play.utils.Threads$.withContextClassLoader(Threads.scala:21) [play_2.11-2.4.3.jar:2.4.3]
	at play.api.Play$.stop(Play.scala:107) [play_2.11-2.4.3.jar:2.4.3]
	at play.core.server.DevServerStart$$anonfun$mainDev$1$$anon$1$$anonfun$get$1$$anonfun$apply$1$$anonfun$1$$anonfun$apply$2.apply(DevServerStart.scala:133) [play-server_2.11-2.4.3.jar:2.4.3]
	at play.core.server.DevServerStart$$anonfun$mainDev$1$$anon$1$$anonfun$get$1$$anonfun$apply$1$$anonfun$1$$anonfun$apply$2.apply(DevServerStart.scala:133) [play-server_2.11-2.4.3.jar:2.4.3]
	at scala.util.Success.foreach(Try.scala:236) [scala-library-2.11.7.jar:na]
	at play.core.server.DevServerStart$$anonfun$mainDev$1$$anon$1$$anonfun$get$1$$anonfun$apply$1$$anonfun$1.apply(DevServerStart.scala:133) [play-server_2.11-2.4.3.jar:2.4.3]
	at play.core.server.DevServerStart$$anonfun$mainDev$1$$anon$1$$anonfun$get$1$$anonfun$apply$1$$anonfun$1.apply(DevServerStart.scala:121) [play-server_2.11-2.4.3.jar:2.4.3]
	at scala.Option.map(Option.scala:146) [scala-library-2.11.7.jar:na]
	at play.core.server.DevServerStart$$anonfun$mainDev$1$$anon$1$$anonfun$get$1$$anonfun$apply$1.apply(DevServerStart.scala:121) [play-server_2.11-2.4.3.jar:2.4.3]
	at play.core.server.DevServerStart$$anonfun$mainDev$1$$anon$1$$anonfun$get$1$$anonfun$apply$1.apply(DevServerStart.scala:119) [play-server_2.11-2.4.3.jar:2.4.3]
	at scala.util.Success.flatMap(Try.scala:231) [scala-library-2.11.7.jar:na]
	at play.core.server.DevServerStart$$anonfun$mainDev$1$$anon$1$$anonfun$get$1.apply(DevServerStart.scala:119) [play-server_2.11-2.4.3.jar:2.4.3]
	at play.core.server.DevServerStart$$anonfun$mainDev$1$$anon$1$$anonfun$get$1.apply(DevServerStart.scala:111) [play-server_2.11-2.4.3.jar:2.4.3]
	at scala.concurrent.impl.Future$PromiseCompletingRunnable.liftedTree1$1(Future.scala:24) [scala-library-2.11.7.jar:na]
	at scala.concurrent.impl.Future$PromiseCompletingRunnable.run(Future.scala:24) [scala-library-2.11.7.jar:na]
	at akka.dispatch.TaskInvocation.run(AbstractDispatcher.scala:40) [akka-actor_2.11-2.3.13.jar:na]
	at akka.dispatch.ForkJoinExecutorConfigurator$AkkaForkJoinTask.exec(AbstractDispatcher.scala:397) [akka-actor_2.11-2.3.13.jar:na]
	at scala.concurrent.forkjoin.ForkJoinTask.doExec(ForkJoinTask.java:260) [scala-library-2.11.7.jar:na]
	at scala.concurrent.forkjoin.ForkJoinPool$WorkQueue.runTask(ForkJoinPool.java:1339) [scala-library-2.11.7.jar:na]
	at scala.concurrent.forkjoin.ForkJoinPool.runWorker(ForkJoinPool.java:1979) [scala-library-2.11.7.jar:na]
	at scala.concurrent.forkjoin.ForkJoinWorkerThread.run(ForkJoinWorkerThread.java:107) [scala-library-2.11.7.jar:na]
2015-10-14_22:07:20 INFO  [ReactiveMongoApi.scala:79] - ReactiveMongoApi stopping...
2015-10-14_22:07:20 INFO  [utils.scala:46] - Received Close message, going to close connections and moving on stage Closing
2015-10-14_22:07:20 INFO  [ReactiveMongoApi.scala:83] - ReactiveMongoApi connections stopped. [Success(Closed)]
2015-10-14_22:07:20 INFO  [utils.scala:46] - MongoDBSystem Actor[akka://reactivemongo/user/Connection-14#-1343219010] is stopping.
2015-10-14_22:07:20 WARN  [utils.scala:48] - MongoDBSystem Actor[akka://reactivemongo/user/Connection-14#-1343219010] stopped.
2015-10-14_22:07:21 WARN  [GuiceApplicationBuilder.scala:76] - Logger configuration in conf files is deprecated and has no effect. Use a logback configuration file instead.
2015-10-14_22:07:21 INFO  [utils.scala:46] - The node set is now available
2015-10-14_22:07:21 INFO  [utils.scala:46] - The primary is now available
2015-10-14_22:07:21 ERROR [utils.scala:50] - The entire node set is unreachable, is there a network problem?
2015-10-14_22:07:21 INFO  [utils.scala:46] - The node set is now available
2015-10-14_22:07:21 INFO  [utils.scala:46] - The primary is now available
2015-10-14_22:07:21 INFO  [Slf4jLogger.scala:80] - Slf4jLogger started
2015-10-14_22:07:21 INFO  [ReactiveMongoApi.scala:55] - ReactiveMongoApi starting...
2015-10-14_22:07:21 INFO  [ReactiveMongoApi.scala:64] - ReactiveMongoApi successfully started with DB 'users-db'! Servers:
		[localhost:27017]
2015-10-14_22:07:21 INFO  [utils.scala:46] - The node set is now available
2015-10-14_22:07:21 INFO  [utils.scala:46] - The primary is now available
2015-10-14_22:07:21 INFO  [ReactiveMongoPlugin.scala:38] - ReactiveMongoPlugin starting...
2015-10-14_22:07:21 INFO  [ReactiveMongoPlugin.scala:43] - ReactiveMongoPlugin successfully started with db 'users-db'! Servers:
		[localhost:27017]
2015-10-14_22:07:21 INFO  [Play.scala:97] - Application started (Dev)
2015-10-14_22:07:21 INFO  [Application.scala:15] - Serving index page...
2015-10-14_22:07:22 ERROR [HttpErrorHandler.scala:216] - 

! @6nn2j6b0l - Internal server error, for (GET) [/users] ->
 
play.api.http.HttpErrorHandlerExceptions$$anon$1: Execution exception[[RuntimeException: (/lastName,List(ValidationError(List(error.path.missing),WrappedArray()))), (/firstName,List(ValidationError(List(error.path.missing),WrappedArray())))]]
	at play.api.http.HttpErrorHandlerExceptions$.throwableToUsefulException(HttpErrorHandler.scala:265) ~[play_2.11-2.4.3.jar:2.4.3]
	at play.api.http.DefaultHttpErrorHandler.onServerError(HttpErrorHandler.scala:191) ~[play_2.11-2.4.3.jar:2.4.3]
	at play.api.GlobalSettings$class.onError(GlobalSettings.scala:179) [play_2.11-2.4.3.jar:2.4.3]
	at play.api.DefaultGlobal$.onError(GlobalSettings.scala:212) [play_2.11-2.4.3.jar:2.4.3]
	at play.api.http.GlobalSettingsHttpErrorHandler.onServerError(HttpErrorHandler.scala:94) [play_2.11-2.4.3.jar:2.4.3]
	at play.core.server.netty.PlayDefaultUpstreamHandler$$anonfun$9$$anonfun$apply$1.applyOrElse(PlayDefaultUpstreamHandler.scala:158) [play-netty-server_2.11-2.4.3.jar:2.4.3]
	at play.core.server.netty.PlayDefaultUpstreamHandler$$anonfun$9$$anonfun$apply$1.applyOrElse(PlayDefaultUpstreamHandler.scala:155) [play-netty-server_2.11-2.4.3.jar:2.4.3]
	at scala.runtime.AbstractPartialFunction.apply(AbstractPartialFunction.scala:36) [scala-library-2.11.7.jar:na]
	at scala.util.Failure$$anonfun$recover$1.apply(Try.scala:216) [scala-library-2.11.7.jar:na]
	at scala.util.Try$.apply(Try.scala:192) [scala-library-2.11.7.jar:na]
	at scala.util.Failure.recover(Try.scala:216) [scala-library-2.11.7.jar:na]
	at scala.concurrent.Future$$anonfun$recover$1.apply(Future.scala:324) [scala-library-2.11.7.jar:na]
	at scala.concurrent.Future$$anonfun$recover$1.apply(Future.scala:324) [scala-library-2.11.7.jar:na]
	at scala.concurrent.impl.CallbackRunnable.run(Promise.scala:32) [scala-library-2.11.7.jar:na]
	at play.api.libs.iteratee.Execution$trampoline$.executeScheduled(Execution.scala:109) [play-iteratees_2.11-2.4.3.jar:2.4.3]
	at play.api.libs.iteratee.Execution$trampoline$.execute(Execution.scala:71) [play-iteratees_2.11-2.4.3.jar:2.4.3]
	at scala.concurrent.impl.CallbackRunnable.executeWithValue(Promise.scala:40) [scala-library-2.11.7.jar:na]
	at scala.concurrent.impl.Promise$DefaultPromise.tryComplete(Promise.scala:248) [scala-library-2.11.7.jar:na]
	at scala.concurrent.Promise$class.complete(Promise.scala:55) [scala-library-2.11.7.jar:na]
	at scala.concurrent.impl.Promise$DefaultPromise.complete(Promise.scala:153) [scala-library-2.11.7.jar:na]
	at scala.concurrent.Future$$anonfun$map$1.apply(Future.scala:235) [scala-library-2.11.7.jar:na]
	at scala.concurrent.Future$$anonfun$map$1.apply(Future.scala:235) [scala-library-2.11.7.jar:na]
	at scala.concurrent.impl.CallbackRunnable.run(Promise.scala:32) [scala-library-2.11.7.jar:na]
	at akka.dispatch.BatchingExecutor$AbstractBatch.processBatch(BatchingExecutor.scala:55) [akka-actor_2.11-2.3.13.jar:na]
	at akka.dispatch.BatchingExecutor$BlockableBatch$$anonfun$run$1.apply$mcV$sp(BatchingExecutor.scala:91) [akka-actor_2.11-2.3.13.jar:na]
	at akka.dispatch.BatchingExecutor$BlockableBatch$$anonfun$run$1.apply(BatchingExecutor.scala:91) [akka-actor_2.11-2.3.13.jar:na]
	at akka.dispatch.BatchingExecutor$BlockableBatch$$anonfun$run$1.apply(BatchingExecutor.scala:91) [akka-actor_2.11-2.3.13.jar:na]
	at scala.concurrent.BlockContext$.withBlockContext(BlockContext.scala:72) [scala-library-2.11.7.jar:na]
	at akka.dispatch.BatchingExecutor$BlockableBatch.run(BatchingExecutor.scala:90) [akka-actor_2.11-2.3.13.jar:na]
	at akka.dispatch.TaskInvocation.run(AbstractDispatcher.scala:40) [akka-actor_2.11-2.3.13.jar:na]
	at akka.dispatch.ForkJoinExecutorConfigurator$AkkaForkJoinTask.exec(AbstractDispatcher.scala:397) [akka-actor_2.11-2.3.13.jar:na]
	at scala.concurrent.forkjoin.ForkJoinTask.doExec(ForkJoinTask.java:260) [scala-library-2.11.7.jar:na]
	at scala.concurrent.forkjoin.ForkJoinPool$WorkQueue.runTask(ForkJoinPool.java:1339) [scala-library-2.11.7.jar:na]
	at scala.concurrent.forkjoin.ForkJoinPool.runWorker(ForkJoinPool.java:1979) [scala-library-2.11.7.jar:na]
	at scala.concurrent.forkjoin.ForkJoinWorkerThread.run(ForkJoinWorkerThread.java:107) [scala-library-2.11.7.jar:na]
Caused by: java.lang.RuntimeException: (/lastName,List(ValidationError(List(error.path.missing),WrappedArray()))), (/firstName,List(ValidationError(List(error.path.missing),WrappedArray())))
	at scala.sys.package$.error(package.scala:27) ~[scala-library-2.11.7.jar:na]
	at play.api.libs.iteratee.Iteratee$$anonfun$run$1.apply(Iteratee.scala:396) ~[play-iteratees_2.11-2.4.3.jar:2.4.3]
	at play.api.libs.iteratee.Iteratee$$anonfun$run$1.apply(Iteratee.scala:389) ~[play-iteratees_2.11-2.4.3.jar:2.4.3]
	at play.api.libs.iteratee.StepIteratee$$anonfun$fold$2.apply(Iteratee.scala:706) ~[play-iteratees_2.11-2.4.3.jar:2.4.3]
	at play.api.libs.iteratee.StepIteratee$$anonfun$fold$2.apply(Iteratee.scala:706) ~[play-iteratees_2.11-2.4.3.jar:2.4.3]
	at scala.concurrent.impl.Future$PromiseCompletingRunnable.liftedTree1$1(Future.scala:24) ~[scala-library-2.11.7.jar:na]
	at scala.concurrent.impl.Future$PromiseCompletingRunnable.run(Future.scala:24) ~[scala-library-2.11.7.jar:na]
	at play.api.libs.iteratee.Execution$trampoline$.executeScheduled(Execution.scala:109) [play-iteratees_2.11-2.4.3.jar:2.4.3]
	at play.api.libs.iteratee.Execution$trampoline$.execute(Execution.scala:71) [play-iteratees_2.11-2.4.3.jar:2.4.3]
	at scala.concurrent.impl.CallbackRunnable.executeWithValue(Promise.scala:40) [scala-library-2.11.7.jar:na]
	at scala.concurrent.impl.Promise$DefaultPromise.tryComplete(Promise.scala:248) [scala-library-2.11.7.jar:na]
	at scala.concurrent.Promise$class.complete(Promise.scala:55) [scala-library-2.11.7.jar:na]
	at scala.concurrent.impl.Promise$DefaultPromise.complete(Promise.scala:153) [scala-library-2.11.7.jar:na]
	at scala.concurrent.impl.Future$PromiseCompletingRunnable.run(Future.scala:23) ~[scala-library-2.11.7.jar:na]
	at scala.concurrent.impl.ExecutionContextImpl$AdaptedForkJoinTask.exec(ExecutionContextImpl.scala:121) ~[scala-library-2.11.7.jar:na]
	at scala.concurrent.forkjoin.ForkJoinTask.doExec(ForkJoinTask.java:260) [scala-library-2.11.7.jar:na]
	at scala.concurrent.forkjoin.ForkJoinPool$WorkQueue.pollAndExecAll(ForkJoinPool.java:1253) [scala-library-2.11.7.jar:na]
	at scala.concurrent.forkjoin.ForkJoinPool$WorkQueue.runTask(ForkJoinPool.java:1346) [scala-library-2.11.7.jar:na]
	... 2 common frames omitted
2015-10-14_22:07:38 INFO  [Application.scala:15] - Serving index page...
2015-10-14_22:07:48 INFO  [UserController.scala:32] - Creating user with body {"firstName":"Linh","lastName":"Luong","age":23,"active":true}
2015-10-14_22:07:48 INFO  [UserDaoMongo.scala:31] - newId 5
2015-10-14_22:13:25 INFO  [ReactiveMongoPlugin.scala:56] - ReactiveMongoPlugin stops, closing connections...
2015-10-14_22:13:25 INFO  [utils.scala:46] - Received Close message, going to close connections and moving on stage Closing
2015-10-14_22:13:25 WARN  [utils.scala:48] - (State: Closing) SPURIOUS ChannelConnected(-365149001) (ignored, channel closed)
2015-10-14_22:13:25 INFO  [utils.scala:46] - MongoDBSystem Actor[akka://reactivemongo/user/Connection-26#-1345012116] is stopping.
2015-10-14_22:13:25 WARN  [utils.scala:48] - MongoDBSystem Actor[akka://reactivemongo/user/Connection-26#-1345012116] stopped.
2015-10-14_22:13:25 INFO  [ReactiveMongoPlugin.scala:61] - ReactiveMongo Connections stopped. [Success(Closed)]
2015-10-14_22:13:25 INFO  [ReactiveMongoApi.scala:79] - ReactiveMongoApi stopping...
2015-10-14_22:13:25 INFO  [utils.scala:46] - Received Close message, going to close connections and moving on stage Closing
2015-10-14_22:13:25 INFO  [utils.scala:46] - MongoDBSystem Actor[akka://reactivemongo/user/Connection-23#1299913957] is stopping.
2015-10-14_22:13:25 WARN  [utils.scala:48] - MongoDBSystem Actor[akka://reactivemongo/user/Connection-23#1299913957] stopped.
2015-10-14_22:13:25 INFO  [ReactiveMongoApi.scala:83] - ReactiveMongoApi connections stopped. [Success(Closed)]
2015-10-14_22:13:25 WARN  [GuiceApplicationBuilder.scala:76] - Logger configuration in conf files is deprecated and has no effect. Use a logback configuration file instead.
2015-10-14_22:13:25 INFO  [utils.scala:46] - The node set is now available
2015-10-14_22:13:25 INFO  [utils.scala:46] - The primary is now available
2015-10-14_22:13:25 INFO  [Slf4jLogger.scala:80] - Slf4jLogger started
2015-10-14_22:13:25 INFO  [ReactiveMongoApi.scala:55] - ReactiveMongoApi starting...
2015-10-14_22:13:25 INFO  [ReactiveMongoApi.scala:64] - ReactiveMongoApi successfully started with DB 'users-db'! Servers:
		[localhost:27017]
2015-10-14_22:13:25 INFO  [utils.scala:46] - The node set is now available
2015-10-14_22:13:25 INFO  [utils.scala:46] - The primary is now available
2015-10-14_22:13:25 INFO  [ReactiveMongoPlugin.scala:38] - ReactiveMongoPlugin starting...
2015-10-14_22:13:25 INFO  [ReactiveMongoPlugin.scala:43] - ReactiveMongoPlugin successfully started with db 'users-db'! Servers:
		[localhost:27017]
2015-10-14_22:13:25 INFO  [Play.scala:97] - Application started (Dev)
2015-10-14_22:13:25 INFO  [UserController.scala:32] - Creating user with body {"firstName":"Hien","lastName":"Cao","age":23,"active":true}
2015-10-14_22:13:25 INFO  [UserDaoMongo.scala:31] - newId 6
2015-10-14_22:22:01 INFO  [ReactiveMongoPlugin.scala:56] - ReactiveMongoPlugin stops, closing connections...
2015-10-14_22:22:01 INFO  [utils.scala:46] - Received Close message, going to close connections and moving on stage Closing
2015-10-14_22:22:01 INFO  [utils.scala:46] - MongoDBSystem Actor[akka://reactivemongo/user/Connection-35#55580783] is stopping.
2015-10-14_22:22:01 WARN  [utils.scala:48] - MongoDBSystem Actor[akka://reactivemongo/user/Connection-35#55580783] stopped.
2015-10-14_22:22:01 INFO  [ReactiveMongoPlugin.scala:61] - ReactiveMongo Connections stopped. [Success(Closed)]
2015-10-14_22:22:01 INFO  [ReactiveMongoApi.scala:79] - ReactiveMongoApi stopping...
2015-10-14_22:22:01 INFO  [utils.scala:46] - Received Close message, going to close connections and moving on stage Closing
2015-10-14_22:22:01 INFO  [utils.scala:46] - MongoDBSystem Actor[akka://reactivemongo/user/Connection-32#-1893513559] is stopping.
2015-10-14_22:22:01 INFO  [ReactiveMongoApi.scala:83] - ReactiveMongoApi connections stopped. [Success(Closed)]
2015-10-14_22:22:01 WARN  [utils.scala:48] - MongoDBSystem Actor[akka://reactivemongo/user/Connection-32#-1893513559] stopped.
2015-10-14_22:22:01 WARN  [GuiceApplicationBuilder.scala:76] - Logger configuration in conf files is deprecated and has no effect. Use a logback configuration file instead.
2015-10-14_22:22:01 INFO  [utils.scala:46] - The node set is now available
2015-10-14_22:22:01 INFO  [utils.scala:46] - The primary is now available
2015-10-14_22:22:01 INFO  [Slf4jLogger.scala:80] - Slf4jLogger started
2015-10-14_22:22:01 INFO  [ReactiveMongoApi.scala:55] - ReactiveMongoApi starting...
2015-10-14_22:22:01 INFO  [ReactiveMongoApi.scala:64] - ReactiveMongoApi successfully started with DB 'users-db'! Servers:
		[localhost:27017]
2015-10-14_22:22:01 INFO  [utils.scala:46] - The node set is now available
2015-10-14_22:22:01 INFO  [utils.scala:46] - The primary is now available
2015-10-14_22:22:01 INFO  [ReactiveMongoPlugin.scala:38] - ReactiveMongoPlugin starting...
2015-10-14_22:22:01 INFO  [ReactiveMongoPlugin.scala:43] - ReactiveMongoPlugin successfully started with db 'users-db'! Servers:
		[localhost:27017]
2015-10-14_22:22:01 INFO  [Play.scala:97] - Application started (Dev)
2015-10-14_22:22:01 INFO  [Application.scala:15] - Serving index page...
2015-10-14_22:22:09 INFO  [UserController.scala:32] - Creating user with body {"firstName":"Linh","lastName":"Luong","age":23,"active":true}
2015-10-14_22:22:35 INFO  [Application.scala:15] - Serving index page...
2015-10-14_22:22:52 INFO  [UserController.scala:32] - Creating user with body {"firstName":"Linh","lastName":"Luong","age":23,"active":true}
2015-10-14_22:22:57 INFO  [UserController.scala:32] - Creating user with body {"firstName":"Linh","lastName":"Luong","age":23,"active":true}
2015-10-14_22:24:00 INFO  [ReactiveMongoPlugin.scala:56] - ReactiveMongoPlugin stops, closing connections...
2015-10-14_22:24:00 INFO  [utils.scala:46] - Received Close message, going to close connections and moving on stage Closing
2015-10-14_22:24:00 WARN  [utils.scala:48] - (State: Closing) SPURIOUS ChannelConnected(1744508502) (ignored, channel closed)
2015-10-14_22:24:00 INFO  [utils.scala:46] - MongoDBSystem Actor[akka://reactivemongo/user/Connection-44#901218395] is stopping.
2015-10-14_22:24:00 INFO  [ReactiveMongoPlugin.scala:61] - ReactiveMongo Connections stopped. [Success(Closed)]
2015-10-14_22:24:00 WARN  [utils.scala:48] - MongoDBSystem Actor[akka://reactivemongo/user/Connection-44#901218395] stopped.
2015-10-14_22:24:00 INFO  [ReactiveMongoApi.scala:79] - ReactiveMongoApi stopping...
2015-10-14_22:24:00 INFO  [utils.scala:46] - Received Close message, going to close connections and moving on stage Closing
2015-10-14_22:24:00 INFO  [utils.scala:46] - MongoDBSystem Actor[akka://reactivemongo/user/Connection-41#-2104080060] is stopping.
2015-10-14_22:24:00 INFO  [ReactiveMongoApi.scala:83] - ReactiveMongoApi connections stopped. [Success(Closed)]
2015-10-14_22:24:00 WARN  [utils.scala:48] - MongoDBSystem Actor[akka://reactivemongo/user/Connection-41#-2104080060] stopped.
2015-10-14_22:24:00 WARN  [GuiceApplicationBuilder.scala:76] - Logger configuration in conf files is deprecated and has no effect. Use a logback configuration file instead.
2015-10-14_22:24:00 INFO  [utils.scala:46] - The node set is now available
2015-10-14_22:24:00 INFO  [utils.scala:46] - The primary is now available
2015-10-14_22:24:00 INFO  [Slf4jLogger.scala:80] - Slf4jLogger started
2015-10-14_22:24:00 INFO  [ReactiveMongoApi.scala:55] - ReactiveMongoApi starting...
2015-10-14_22:24:00 INFO  [ReactiveMongoApi.scala:64] - ReactiveMongoApi successfully started with DB 'users-db'! Servers:
		[localhost:27017]
2015-10-14_22:24:01 INFO  [utils.scala:46] - The node set is now available
2015-10-14_22:24:01 INFO  [utils.scala:46] - The primary is now available
2015-10-14_22:24:01 INFO  [ReactiveMongoPlugin.scala:38] - ReactiveMongoPlugin starting...
2015-10-14_22:24:01 INFO  [ReactiveMongoPlugin.scala:43] - ReactiveMongoPlugin successfully started with db 'users-db'! Servers:
		[localhost:27017]
2015-10-14_22:24:01 INFO  [Play.scala:97] - Application started (Dev)
2015-10-14_22:24:01 INFO  [UserController.scala:32] - Creating user with body: {"firstName":"Linh","lastName":"Luong","age":23,"active":true}
2015-10-14_22:25:53 INFO  [ReactiveMongoPlugin.scala:56] - ReactiveMongoPlugin stops, closing connections...
2015-10-14_22:25:53 INFO  [utils.scala:46] - Received Close message, going to close connections and moving on stage Closing
2015-10-14_22:25:53 WARN  [utils.scala:48] - (State: Closing) SPURIOUS ChannelConnected(-433989303) (ignored, channel closed)
2015-10-14_22:25:53 INFO  [utils.scala:46] - MongoDBSystem Actor[akka://reactivemongo/user/Connection-53#-1194854159] is stopping.
2015-10-14_22:25:53 INFO  [ReactiveMongoPlugin.scala:61] - ReactiveMongo Connections stopped. [Success(Closed)]
2015-10-14_22:25:53 WARN  [utils.scala:48] - MongoDBSystem Actor[akka://reactivemongo/user/Connection-53#-1194854159] stopped.
2015-10-14_22:25:53 INFO  [ReactiveMongoApi.scala:79] - ReactiveMongoApi stopping...
2015-10-14_22:25:53 INFO  [utils.scala:46] - Received Close message, going to close connections and moving on stage Closing
2015-10-14_22:25:53 INFO  [utils.scala:46] - MongoDBSystem Actor[akka://reactivemongo/user/Connection-50#-702488970] is stopping.
2015-10-14_22:25:53 INFO  [ReactiveMongoApi.scala:83] - ReactiveMongoApi connections stopped. [Success(Closed)]
2015-10-14_22:25:53 WARN  [utils.scala:48] - MongoDBSystem Actor[akka://reactivemongo/user/Connection-50#-702488970] stopped.
2015-10-14_22:25:53 WARN  [GuiceApplicationBuilder.scala:76] - Logger configuration in conf files is deprecated and has no effect. Use a logback configuration file instead.
2015-10-14_22:25:53 INFO  [utils.scala:46] - The node set is now available
2015-10-14_22:25:53 INFO  [utils.scala:46] - The primary is now available
2015-10-14_22:25:53 INFO  [Slf4jLogger.scala:80] - Slf4jLogger started
2015-10-14_22:25:53 INFO  [ReactiveMongoApi.scala:55] - ReactiveMongoApi starting...
2015-10-14_22:25:54 INFO  [ReactiveMongoApi.scala:64] - ReactiveMongoApi successfully started with DB 'users-db'! Servers:
		[localhost:27017]
2015-10-14_22:25:54 INFO  [ReactiveMongoPlugin.scala:38] - ReactiveMongoPlugin starting...
2015-10-14_22:25:54 INFO  [ReactiveMongoPlugin.scala:43] - ReactiveMongoPlugin successfully started with db 'users-db'! Servers:
		[localhost:27017]
2015-10-14_22:25:54 INFO  [Play.scala:97] - Application started (Dev)
2015-10-14_22:25:54 INFO  [utils.scala:46] - The node set is now available
2015-10-14_22:25:54 INFO  [UserController.scala:32] - Creating user with body: {"firstName":"Linh","lastName":"Luong","age":23,"active":true}
2015-10-14_22:25:54 INFO  [utils.scala:46] - The primary is now available
2015-10-14_22:25:54 INFO  [UserDaoMongo.scala:31] - newId 7
2015-10-14_23:11:30 INFO  [ReactiveMongoPlugin.scala:56] - ReactiveMongoPlugin stops, closing connections...
2015-10-14_23:11:30 INFO  [utils.scala:46] - Received Close message, going to close connections and moving on stage Closing
2015-10-14_23:11:30 WARN  [utils.scala:48] - (State: Closing) SPURIOUS ChannelConnected(1128008153) (ignored, channel closed)
2015-10-14_23:11:30 INFO  [utils.scala:46] - MongoDBSystem Actor[akka://reactivemongo/user/Connection-62#307281560] is stopping.
2015-10-14_23:11:30 INFO  [ReactiveMongoPlugin.scala:61] - ReactiveMongo Connections stopped. [Success(Closed)]
2015-10-14_23:11:30 WARN  [utils.scala:48] - MongoDBSystem Actor[akka://reactivemongo/user/Connection-62#307281560] stopped.
2015-10-14_23:11:30 INFO  [ReactiveMongoApi.scala:79] - ReactiveMongoApi stopping...
2015-10-14_23:11:30 INFO  [utils.scala:46] - Received Close message, going to close connections and moving on stage Closing
2015-10-14_23:11:30 INFO  [utils.scala:46] - MongoDBSystem Actor[akka://reactivemongo/user/Connection-59#1743805790] is stopping.
2015-10-14_23:11:30 INFO  [ReactiveMongoApi.scala:83] - ReactiveMongoApi connections stopped. [Success(Closed)]
2015-10-14_23:11:30 WARN  [utils.scala:48] - MongoDBSystem Actor[akka://reactivemongo/user/Connection-59#1743805790] stopped.
2015-10-14_23:11:30 WARN  [GuiceApplicationBuilder.scala:76] - Logger configuration in conf files is deprecated and has no effect. Use a logback configuration file instead.
2015-10-14_23:11:30 INFO  [utils.scala:46] - The node set is now available
2015-10-14_23:11:30 INFO  [utils.scala:46] - The primary is now available
2015-10-14_23:11:30 INFO  [Slf4jLogger.scala:80] - Slf4jLogger started
2015-10-14_23:11:30 INFO  [ReactiveMongoApi.scala:55] - ReactiveMongoApi starting...
2015-10-14_23:11:30 INFO  [ReactiveMongoApi.scala:64] - ReactiveMongoApi successfully started with DB 'users-db'! Servers:
		[localhost:27017]
2015-10-14_23:11:30 INFO  [utils.scala:46] - The node set is now available
2015-10-14_23:11:30 INFO  [utils.scala:46] - The primary is now available
2015-10-14_23:11:30 INFO  [ReactiveMongoPlugin.scala:38] - ReactiveMongoPlugin starting...
2015-10-14_23:11:30 INFO  [ReactiveMongoPlugin.scala:43] - ReactiveMongoPlugin successfully started with db 'users-db'! Servers:
		[localhost:27017]
2015-10-14_23:11:30 INFO  [Play.scala:97] - Application started (Dev)
2015-10-14_23:11:30 INFO  [Application.scala:15] - Serving index page...
2015-10-14_23:11:41 INFO  [UserController.scala:32] - Creating user with body: {"firstName":"Linh","lastName":"Luong","age":23,"active":true}
2015-10-14_23:11:41 INFO  [UserDaoMongo.scala:28] - newId 1
2015-10-14_23:12:25 INFO  [UserController.scala:32] - Creating user with body: {"firstName":"Hien","lastName":"Cao","age":23,"active":true}
2015-10-14_23:12:25 INFO  [UserDaoMongo.scala:28] - newId 2
